                            OLS Regression Results                            
==============================================================================
Dep. Variable:                      y   R-squared:                       0.003
Model:                            OLS   Adj. R-squared:                  0.003
Method:                 Least Squares   F-statistic:                     101.6
Date:                Fri, 02 Sep 2016   Prob (F-statistic):           7.48e-24
Time:                        15:54:19   Log-Likelihood:                -68466.
No. Observations:               34539   AIC:                         1.369e+05
Df Residuals:                   34538   BIC:                         1.369e+05
Df Model:                           1                                         
Covariance Type:            nonrobust                                         
==============================================================================
                 coef    std err          t      P>|t|      [95.0% Conf. Int.]
------------------------------------------------------------------------------
x1             0.0011      0.000     10.078      0.000         0.001     0.001
==============================================================================
Omnibus:                    10670.358   Durbin-Watson:                   0.801
Prob(Omnibus):                  0.000   Jarque-Bera (JB):            25807.036
Skew:                           1.758   Prob(JB):                         0.00
Kurtosis:                       5.361   Cond. No.                         1.00
==============================================================================

Warnings:
[1] Standard Errors assume that the covariance matrix of the errors is correctly specified.
