                            OLS Regression Results                            
==============================================================================
Dep. Variable:                      y   R-squared:                       0.002
Model:                            OLS   Adj. R-squared:                  0.002
Method:                 Least Squares   F-statistic:                     68.16
Date:                Fri, 02 Sep 2016   Prob (F-statistic):           1.56e-16
Time:                        15:53:19   Log-Likelihood:                -60653.
No. Observations:               34539   AIC:                         1.213e+05
Df Residuals:                   34538   BIC:                         1.213e+05
Df Model:                           1                                         
Covariance Type:            nonrobust                                         
==============================================================================
                 coef    std err          t      P>|t|      [95.0% Conf. Int.]
------------------------------------------------------------------------------
x1            -0.0007   8.46e-05     -8.256      0.000        -0.001    -0.001
==============================================================================
Omnibus:                     3847.316   Durbin-Watson:                   0.714
Prob(Omnibus):                  0.000   Jarque-Bera (JB):            23327.387
Skew:                           0.363   Prob(JB):                         0.00
Kurtosis:                       6.960   Cond. No.                         1.00
==============================================================================

Warnings:
[1] Standard Errors assume that the covariance matrix of the errors is correctly specified.
