L2GL_DROME 	52	2L	-	9839	18570	FBtr0078170	9	5248	FBgn0002121	l(2)gl	52.385597	76.858124

L2GL_DROME 	53	2L	-	9839	18570	FBtr0078171	10	5391	FBgn0002121	l(2)gl	0.013651	0.020028

L2GL_DROME 	54	2L	-	9839	21376	FBtr0078166	9	5155	FBgn0002121	l(2)gl	4.131793	6.062007

L2GL_DROME 	55	2L	-	9839	21376	FBtr0078167	9	5230	FBgn0002121	l(2)gl	0.000000	0.000000

L2GL_DROME 	56	2L	-	9839	21376	FBtr0078168	9	5225	FBgn0002121	l(2)gl	0.000000	0.000000

L2GL_DROME 	57	2L	-	9839	21376	FBtr0078169	10	5082	FBgn0002121	l(2)gl	0.000000	0.000000

L2GL_DROME 	58	2L	-	9839	21376	FBtr0306589	10	5315	FBgn0002121	l(2)gl	0.000000	0.000000

L2GL_DROME 	59	2L	-	9839	21376	FBtr0306590	9	5179	FBgn0002121	l(2)gl	0.000000	0.000000

L2GL_DROME 	60	2L	-	9839	21376	FBtr0306591	10	5390	FBgn0002121	l(2)gl	0.756526	1.109946

L2GL_DROME 	61	2L	-	9839	21376	FBtr0306592	11	5528	FBgn0002121	l(2)gl	0.000000	0.000000

L2GL_DROME 	62	2L	-	9839	21376	FBtr0330655	9	5281	FBgn0002121	l(2)gl	0.000000	0.000000

IR21A_DROME 	63	2L	-	21823	25155	FBtr0113008	5	2629	FBgn0031209	Ir21a	0.000000	0.000000

METK_DROME 	94	2L	+	106903	114432	FBtr0089437	8	2387	FBgn0005278	Sam-S	0.000000	0.000000

METK_DROME 	95	2L	+	107761	111337	FBtr0308091	4	961	FBgn0005278	Sam-S	0.417555	0.612621

METK_DROME 	96	2L	+	107761	114210	FBtr0089428	8	2184	FBgn0005278	Sam-S	0.652911	0.957926

METK_DROME 	97	2L	+	107761	114432	FBtr0089429	7	2293	FBgn0005278	Sam-S	0.000000	0.000000

METK_DROME 	98	2L	+	107761	114432	FBtr0330656	6	2298	FBgn0005278	Sam-S	0.000000	0.000000

METK_DROME 	99	2L	+	107937	114210	FBtr0089432	7	2283	FBgn0005278	Sam-S	52.546223	77.093788

METK_DROME 	100	2L	+	107937	114432	FBtr0089430	7	2380	FBgn0005278	Sam-S	42.815418	62.817127

METK_DROME 	101	2L	+	107937	114432	FBtr0089431	7	2380	FBgn0005278	Sam-S	22.179234	32.540516

METK_DROME 	102	2L	+	108089	114432	FBtr0089433	7	2353	FBgn0005278	Sam-S	61.574200	90.339287

METK_DROME 	103	2L	+	108133	114432	FBtr0089434	7	2429	FBgn0005278	Sam-S	8.576783	12.583525

METK_DROME 	104	2L	+	108133	114432	FBtr0089435	7	2309	FBgn0005278	Sam-S	18.151068	26.630545

METK_DROME 	105	2L	+	109594	114210	FBtr0089436	6	1971	FBgn0005278	Sam-S	0.000000	0.000000

GLNA1_DROME 	125	2L	+	132077	133995	FBtr0300568	2	1699	FBgn0001142	Gs1	1.508218	2.212799

GLNA1_DROME 	126	2L	+	132077	134472	FBtr0078114	2	2176	FBgn0001142	Gs1	55.053425	80.772263

GLNA1_DROME 	127	2L	+	132077	134472	FBtr0078115	1	2396	FBgn0001142	Gs1	1.497807	2.197525

PUS10_DROME 	140	2L	-	153539	155305	FBtr0078147	2	1699	FBgn0031227	CG3709	10.808123	15.857260

SPEN_DROME 	151	2L	+	159032	201588	FBtr0078122	12	17880	FBgn0016977	spen	0.000000	0.000000

SPEN_DROME 	152	2L	+	159032	201588	FBtr0306341	13	17963	FBgn0016977	spen	0.000000	0.000000

SPEN_DROME 	153	2L	+	159032	201588	FBtr0330652	14	20622	FBgn0016977	spen	0.152195	0.223295

SPEN_DROME 	154	2L	+	159032	203250	FBtr0332336	14	19571	FBgn0016977	spen	0.000000	0.000000

SPEN_DROME 	155	2L	+	159032	203397	FBtr0078121	11	19604	FBgn0016977	spen	0.000000	0.000000

SPEN_DROME 	156	2L	+	182820	201588	FBtr0332337	11	17143	FBgn0016977	spen	13.029229	19.115982

SPEN_DROME 	157	2L	+	182820	203250	FBtr0078123	10	18859	FBgn0016977	spen	13.567551	19.905785

SPEN_DROME 	158	2L	+	182820	203250	FBtr0330653	11	18434	FBgn0016977	spen	3.761728	5.519062

RM10_DROME 	159	2L	+	203779	204782	FBtr0078124	2	903	FBgn0031231	mRpL10	54.418606	79.840874

MBM_DROME 	188	2L	-	271912	273715	FBtr0078139	2	1756	FBgn0086912	mbm	43.594128	63.959621

SMO_DROME 	195	2L	+	277582	282167	FBtr0078129	6	4008	FBgn0003444	smo	26.274181	38.548462

AMNLS_DROME 	203	2L	-	287252	288932	FBtr0078134	1	1681	FBgn0025686	Amnionless	0.000000	0.000000

AMNLS_DROME 	204	2L	-	287252	289144	FBtr0330647	1	1893	FBgn0025686	Amnionless	0.000000	0.000000

U2AF1_DROME 	206	2L	-	292959	294681	FBtr0333408	2	1655	FBgn0017457	U2af38	32.903992	48.275463

U2AF1_DROME 	207	2L	-	293353	294681	FBtr0078133	2	1261	FBgn0017457	U2af38	7.300308	10.710731

PIP1_DROME 	213	2L	+	305935	346255	FBtr0078047	17	5486	FBgn0004611	Plc21C	8.373882	12.285836

PIP1_DROME 	214	2L	+	305935	346255	FBtr0330673	16	5300	FBgn0004611	Plc21C	8.982321	13.178514

PIP1_DROME 	215	2L	+	305935	355566	FBtr0078049	18	7347	FBgn0004611	Plc21C	0.000000	0.000000

PIP1_DROME 	218	2L	+	310200	346255	FBtr0330674	17	5419	FBgn0004611	Plc21C	0.000000	0.000000

PIP1_DROME 	219	2L	+	310200	346541	FBtr0078048	17	5723	FBgn0004611	Plc21C	0.000000	0.000000

PIP1_DROME 	220	2L	+	310200	347927	FBtr0078050	17	7127	FBgn0004611	Plc21C	0.000000	0.000000

AL_DROME 	232	2L	+	378112	387439	FBtr0078053	5	1806	FBgn0000061	al	0.000000	0.000000

