FBgn0010339 	128UP_DROME
FBgn0020238 	1433E_DROME
FBgn0004907 	1433Z_DROME
FBgn0010340 	140U_DROME
FBgn0027624 	ENV17_DROME
FBgn0044339 	GAG17_DROME
FBgn0014453 	POL3_DROME
FBgn0027623 	ENV2_DROME
FBgn0044338 	GAG2_DROME
FBgn0027622 	POL2_DROME
FBgn0043847 	POL4_DROME
FBgn0004168 	5HT2A_DROME
FBgn0263116 	5HT2B_DROME
FBgn0004573 	5HT1R_DROME
FBgn0011294 	OBA5_DROME
FBgn0023130 	A6_DROME
FBgn0011293 	OB10_DROME
FBgn0027885 	API5_DROME
FBgn0031851 	AATF_DROME
FBgn0027094 	SYAC_DROME
FBgn0028962 	SYAM_DROME
FBgn0027093 	SYRC_DROME
FBgn0027091 	SYCC_DROME
FBgn0027090 	SYQ_DROME
FBgn0005674 	SYEP_DROME
FBgn0027083 	SYMM_DROME
FBgn0275436 	SYFM_DROME
FBgn0035064 	SYYM_DROME
FBgn0023129 	SERB_DROME
FBgn0264442 	ABRU_DROME
FBgn0000014 	ABDA_DROME
FBgn0000015 	ABDB_DROME
FBgn0000017 	ABL_DROME
FBgn0036372 	DBNL_DROME
FBgn0015331 	DDX41_DROME
FBgn0000022 	AST5_DROME
FBgn0004852 	ADCY2_DROME
FBgn0011273 	CALL_DROME
FBgn0012034 	ACSA_DROME
FBgn0000024 	ACES_DROME
FBgn0016122 	ACER_DROME
FBgn0000028 	IPOU_DROME
FBgn0014454 	CUA1_DROME
FBgn0002855 	MS2A_DROME
FBgn0002856 	MS2B_DROME
FBgn0015583 	A29AB_DROME
FBgn0023415 	A32CD_DROME
FBgn0267327 	A33A_DROME
FBgn0011559 	A36DE_DROME
FBgn0015584 	A53E_DROME
FBgn0020509 	A62F_DROME
FBgn0015585 	A63F_DROME
FBgn0015586 	A76A_DROME
FBgn0002863 	A95EF_DROME
FBgn0263597 	A98AB_DROME
FBgn0000042 	ACT1_DROME
FBgn0000043 	ACT2_DROME
FBgn0000044 	ACT3_DROME
FBgn0000045 	ACT4_DROME
FBgn0000046 	ACT5_DROME
FBgn0000047 	ACT6_DROME
FBgn0024913 	INHB_DROME
FBgn0000667 	ACTN_DROME
FBgn0025115 	ACYP1_DROME
FBgn0038363 	ACYP2_DROME
FBgn0037661 	ADAL_DROME
FBgn0037555 	TAD2B_DROME
FBgn0027619 	EIF3J_DROME
FBgn0026086 	ADAR_DROME
FBgn0028658 	ADAT1_DROME
FBgn0000052 	PUR4_DROME
FBgn0000053 	PUR2_DROME
FBgn0020513 	PUR6_DROME
FBgn0000054 	ADF1_DROME
FBgn0000055 	ADH_DROME
FBgn0000056 	ADHR_DROME
FBgn0052068 	MTND_DROME
FBgn0038984 	ADRL_DROME
FBgn0283494 	KAD2_DROME
FBgn0027493 	PURA_DROME
FBgn0005694 	AEF1_DROME
FBgn0026309 	CMTR2_DROME
FBgn0041171 	FBXW7_DROME
FBgn0087035 	AGO2_DROME
FBgn0250816 	AGO3_DROME
FBgn0014455 	SAHH_DROME
FBgn0015011 	SAHH2_DROME
FBgn0031392 	AIFM1_DROME
FBgn0033754 	KAD6_DROME
FBgn0004552 	AKH_DROME
FBgn0082598 	AKIRN_DROME
FBgn0010379 	AKT1_DROME
FBgn0000061 	AL_DROME
FBgn0000064 	ALF_DROME
FBgn0052076 	ALG10_DROME
FBgn0013746 	CSN2_DROME
FBgn0010215 	CTNA_DROME
FBgn0259170 	MA1A1_DROME
FBgn0011740 	MAN2_DROME
FBgn0030007 	SYFA_DROME
FBgn0250791 	SNAP_DROME
FBgn0250789 	SPTCA_DROME
FBgn0003863 	TRYA_DROME
FBgn0087040 	TBA4_DROME
FBgn0003884 	TBA1_DROME
FBgn0003885 	TBA3_DROME
FBgn0003886 	TBA2_DROME
FBgn0037116 	ALS2_DROME
FBgn0000071 	AMAL_DROME
FBgn0000075 	L2AM_DROME
FBgn0086782 	AMN_DROME
FBgn0025686 	AMNLS_DROME
FBgn0003270 	AMOS_DROME
FBgn0000077 	AMX_DROME
FBgn0000078 	AMYB_DROME
FBgn0000079 	AMYA_DROME
FBgn0020506 	AMYR_DROME
FBgn0011746 	ANA_DROME
FBgn0012037 	ACE_DROME
FBgn0016762 	ANGEL_DROME
FBgn0000094 	ANDP_DROME
FBgn0260642 	ANTP_DROME
FBgn0000083 	ANXB9_DROME
FBgn0000084 	ANX10_DROME
FBgn0030749 	ANX11_DROME
FBgn0000097 	POK_DROME
FBgn0004569 	GIL_DROME
FBgn0267978 	APTE_DROME
FBgn0264855 	AP2A_DROME
FBgn0034231 	APC10_DROME
FBgn0016123 	APH4_DROME
FBgn0031458 	APH1_DROME
FBgn0261854 	APKC_DROME
FBgn0040281 	JIP1_DROME
FBgn0261112 	ULA1_DROME
FBgn0000108 	A4_DROME
FBgn0000109 	APT_DROME
FBgn0015904 	ARA_DROME
FBgn0028646 	CMC_DROME
FBgn0013750 	ARF3_DROME
FBgn0010348 	ARF1_DROME
FBgn0013749 	ARF2_DROME
FBgn0000116 	KARG_DROME
FBgn0017418 	ARI1_DROME
FBgn0025186 	ARI2_DROME
FBgn0000115 	ARL1_DROME
FBgn0004908 	ARL2_DROME
FBgn0000117 	ARM_DROME
FBgn0041164 	ARMI_DROME
FBgn0011745 	ACTZ_DROME
FBgn0011742 	ARP2_DROME
FBgn0262716 	ARP3_DROME
FBgn0038576 	ARP5_DROME
FBgn0011741 	ARP6_DROME
FBgn0030877 	ARP8_DROME
FBgn0011743 	ACTY_DROME
FBgn0032859 	ARPC2_DROME
FBgn0000120 	ARRA_DROME
FBgn0000121 	ARRB_DROME
FBgn0033062 	SRRT_DROME
FBgn0037770 	CARM1_DROME
FBgn0034817 	ANM7_DROME
FBgn0036826 	ASTRX_DROME
FBgn0000137 	AST8_DROME
FBgn0029094 	ASF1_DROME
FBgn0005386 	ASH1_DROME
FBgn0000139 	ASH2_DROME
FBgn0000140 	ASP_DROME
FBgn0034793 	OCAD1_DROME
FBgn0015905 	ASTE_DROME
FBgn0015591 	ALLS_DROME
FBgn0020407 	ASUN_DROME
FBgn0261823 	ASX_DROME
FBgn0039946 	ATBP_DROME
FBgn0025720 	ATE1_DROME
FBgn0028550 	ATF3_DROME
FBgn0029943 	ATG5_DROME
FBgn0264325 	BECN1_DROME
FBgn0036255 	APG12_DROME
FBgn0261108 	ATG13_DROME
FBgn0039213 	ATLAS_DROME
FBgn0010433 	ATO_DROME
FBgn0002921 	ATNA_DROME
FBgn0019644 	AT5F1_DROME
FBgn0010217 	ATPB_DROME
FBgn0016119 	ATP5J_DROME
FBgn0016120 	ATP5H_DROME
FBgn0020235 	ATPG_DROME
FBgn0016691 	ATPO_DROME
FBgn0012042 	ATTA_DROME
FBgn0041581 	ATTB_DROME
FBgn0041579 	ATTC_DROME
FBgn0019637 	ATU_DROME
FBgn0041188 	ATX2_DROME
FBgn0000146 	AUB_DROME
FBgn0050476 	AVE_DROME
FBgn0000150 	NDKA_DROME
FBgn0013751 	AWH_DROME
FBgn0026597 	AXN_DROME
FBgn0004587 	SRR55_DROME
FBgn0004870 	BAB1_DROME
FBgn0025525 	BAB2_DROME
FBgn0031977 	BAF_DROME
FBgn0045866 	TMEDA_DROME
FBgn0027889 	NHK1_DROME
FBgn0000158 	BAM_DROME
FBgn0004862 	BAGP_DROME
FBgn0025463 	BAP60_DROME
FBgn0031571 	BARK_DROME
FBgn0033578 	BBS4_DROME
FBgn0000166 	BCD_DROME
FBgn0013432 	BCN92_DROME
FBgn0028482 	BDL_DROME
FBgn0036691 	FABD_DROME
FBgn0263231 	DDX3_DROME
FBgn0000173 	UBE2N_DROME
FBgn0008635 	COPB_DROME
FBgn0025724 	COPB2_DROME
FBgn0039175 	SYFB_DROME
FBgn0250788 	SPTCB_DROME
FBgn0010357 	TRYB_DROME
FBgn0003887 	TBB1_DROME
FBgn0003888 	TBB3_DROME
FBgn0003889 	TBB2_DROME
FBgn0013753 	BGB_DROME
FBgn0004581 	BGCN_DROME
FBgn0027348 	BGM_DROME
FBgn0011758 	BARH1_DROME
FBgn0004854 	BARH2_DROME
FBgn0000179 	OMB_DROME
FBgn0035871 	BI1_DROME
FBgn0000180 	BIB_DROME
FBgn0000182 	BICC_DROME
FBgn0000183 	BICD_DROME
FBgn0045759 	FOXF_DROME
FBgn0024491 	SAP18_DROME
FBgn0263144 	BN3D1_DROME
FBgn0002906 	BLM_DROME
FBgn0050077 	BL1S1_DROME
FBgn0036118 	BL1S2_DROME
FBgn0085284 	BL1S3_DROME
FBgn0036105 	BL1S4_DROME
FBgn0038387 	TIM16_DROME
FBgn0011211 	ATPA_DROME
FBgn0001090 	BNB_DROME
FBgn0004389 	BNK_DROME
FBgn0004132 	MESD_DROME
FBgn0037719 	BOCKS_DROME
FBgn0011206 	BOULE_DROME
FBgn0026261 	RT15_DROME
FBgn0259791 	BORA_DROME
FBgn0032105 	BOREA_DROME
FBgn0000206 	BOSS_DROME
FBgn0027535 	EXT3_DROME
FBgn0004893 	BOWEL_DROME
FBgn0037205 	BOYB_DROME
FBgn0283451 	BRC1_DROME
FBgn0010300 	BRAT_DROME
FBgn0050169 	BRCA2_DROME
FBgn0086694 	BRE1_DROME
FBgn0000212 	BRM_DROME
FBgn0000221 	BRN_DROME
FBgn0013755 	BRO_DROME
FBgn0261787 	BRU_DROME
FBgn0004101 	SRF_DROME
FBgn0000227 	ELBA1_DROME
FBgn0000228 	BSG2_DROME
FBgn0000529 	BSH_DROME
FBgn0000229 	JNK_DROME
FBgn0044506 	RTBS_DROME
FBgn0000233 	BTD_DROME
FBgn0030501 	BTHD_DROME
FBgn0003502 	BTKL_DROME
FBgn0005592 	FGFR2_DROME
FBgn0032248 	CFA20_DROME
FBgn0259176 	BUN1_DROME
FBgn0038901 	BURS_DROME
FBgn0000241 	BROWN_DROME
FBgn0045064 	ACASE_DROME
FBgn0004856 	BX42_DROME
FBgn0011723 	BYN_DROME
FBgn0010292 	BYS_DROME
FBgn0032078 	C1GLT_DROME
FBgn0259228 	C3G_DROME
FBgn0040235 	CWC15_DROME
FBgn0001991 	CAC1D_DROME
FBgn0263111 	CAC1A_DROME
FBgn0000250 	CACT_DROME
FBgn0031114 	CATIN_DROME
FBgn0000251 	CAD_DROME
FBgn0261053 	CAD86_DROME
FBgn0037963 	CAD87_DROME
FBgn0038439 	CAD89_DROME
FBgn0022800 	CAD96_DROME
FBgn0015609 	CADN_DROME
FBgn0262018 	CADN2_DROME
FBgn0053653 	CAPS_DROME
FBgn0263979 	CAF1_DROME
FBgn0012051 	CANA_DROME
FBgn0025866 	CANB_DROME
FBgn0260450 	CANC_DROME
FBgn0039928 	CSTN1_DROME
FBgn0262166 	CALYP_DROME
FBgn0000253 	CALM_DROME
FBgn0264607 	KCC2A_DROME
FBgn0010015 	PP2B1_DROME
FBgn0267912 	PP2B3_DROME
FBgn0010014 	CANB1_DROME
FBgn0015614 	CANB2_DROME
FBgn0027568 	CAND1_DROME
FBgn0263006 	ATC1_DROME
FBgn0039722 	CP2B_DROME
FBgn0037100 	CAPAR_DROME
FBgn0042134 	CAPR1_DROME
FBgn0000256 	CAPU_DROME
FBgn0000257 	VP33A_DROME
FBgn0004878 	CAS_DROME
FBgn0022213 	XPO2_DROME
FBgn0013759 	CSKP_DROME
FBgn0000261 	CATA_DROME
FBgn0002022 	CSUP_DROME
FBgn0015919 	CAUP_DROME
FBgn0026257 	CAV_DROME
FBgn0011571 	CAZ_DROME
FBgn0033842 	CLP1_DROME
FBgn0022943 	NCBP2_DROME
FBgn0004580 	CAB32_DROME
FBgn0022942 	NCBP1_DROME
FBgn0011241 	AKTP1_DROME
FBgn0039007 	CCAP_DROME
FBgn0039396 	CCAPR_DROME
FBgn0031979 	CCD53_DROME
FBgn0261353 	COA3_DROME
FBgn0038199 	CCHA1_DROME
FBgn0050106 	CCH1R_DROME
FBgn0038147 	CCHA2_DROME
FBgn0033058 	CCH2R_DROME
FBgn0015019 	TCPG_DROME
FBgn0039774 	NCASE_DROME
FBgn0011573 	CDC37_DROME
FBgn0010341 	CDC42_DROME
FBgn0032821 	CDGAP_DROME
FBgn0004106 	CDK1_DROME
FBgn0004107 	CDK2_DROME
FBgn0013762 	CDK5_DROME
FBgn0015618 	CDK8_DROME
FBgn0037093 	CDK12_DROME
FBgn0026141 	DYL2_DROME
FBgn0010350 	CDSA_DROME
FBgn0000276 	CECA_DROME
FBgn0000277 	CECA_DROME
FBgn0000278 	CECB_DROME
FBgn0000279 	CECC_DROME
FBgn0029092 	CED6_DROME
FBgn0028509 	CEG1A_DROME
FBgn0266708 	CEP89_DROME
FBgn0000286 	CF2_DROME
FBgn0030121 	CXXC1_DROME
FBgn0000299 	CO4A1_DROME
FBgn0000303 	CLAT_DROME
FBgn0021760 	CLASP_DROME
FBgn0000319 	CLH_DROME
FBgn0250786 	CHD1_DROME
FBgn0023395 	CHD3_DROME
FBgn0031550 	IFT57_DROME
FBgn0014141 	FLNA_DROME
FBgn0000308 	PROF_DROME
FBgn0024248 	IRS1_DROME
FBgn0000307 	CHIF_DROME
FBgn0015371 	CHN_DROME
FBgn0029503 	CHRD1_DROME
FBgn0267435 	CHAO_DROME
FBgn0036165 	CHRB_DROME
FBgn0022702 	CHIT2_DROME
FBgn0250907 	CHIT3_DROME
FBgn0004859 	CI_DROME
FBgn0039689 	CIA30_DROME
FBgn0033972 	CIAO1_DROME
FBgn0001977 	DRE2_DROME
FBgn0262582 	CIC_DROME
FBgn0040477 	CID_DROME
FBgn0000316 	CIN_DROME
FBgn0033313 	LPHN_DROME
FBgn0062442 	CISD2_DROME
FBgn0000317 	MYO7A_DROME
FBgn0015024 	KC1A_DROME
FBgn0264492 	CSK2A_DROME
FBgn0000259 	CSK2B_DROME
FBgn0026136 	CSK2C_DROME
FBgn0010314 	CKS1_DROME
FBgn0052251 	CLSPN_DROME
FBgn0259152 	NEMF_DROME
FBgn0024814 	CLC_DROME
FBgn0051116 	CLCN2_DROME
FBgn0020503 	CL190_DROME
FBgn0023076 	CLOCK_DROME
FBgn0015621 	CPSF4_DROME
FBgn0039360 	CRLS1_DROME
FBgn0034087 	CLU_DROME
FBgn0000337 	KMO_DROME
FBgn0262975 	CNC_DROME
FBgn0261612 	CNGA_DROME
FBgn0000339 	CNI_DROME
FBgn0034988 	5NT3B_DROME
FBgn0013765 	CNN_DROME
FBgn0031536 	COG3_DROME
FBgn0051040 	COG7_DROME
FBgn0033265 	COIL_DROME
FBgn0019830 	COLT_DROME
FBgn0010105 	COMM_DROME
FBgn0000346 	NSF1_DROME
FBgn0005775 	CONN_DROME
FBgn0037240 	CONT_DROME
FBgn0013437 	COPIA_DROME
FBgn0021944 	HEM6_DROME
FBgn0037574 	COQ2_DROME
FBgn0010434 	41_DROME
FBgn0261573 	RCOR_DROME
FBgn0000351 	CORT_DROME
FBgn0010313 	CORTO_DROME
FBgn0000352 	COS_DROME
FBgn0019624 	COX5A_DROME
FBgn0040529 	COX7A_DROME
FBgn0013770 	CATL_DROME
FBgn0000355 	CH15_DROME
FBgn0000356 	CH16_DROME
FBgn0000357 	CH18_DROME
FBgn0000358 	CH19_DROME
FBgn0000359 	CH36_DROME
FBgn0000360 	CH38_DROME
FBgn0000283 	CP190_DROME
FBgn0034577 	CAPZA_DROME
FBgn0011570 	CAPZB_DROME
FBgn0261714 	CPN_DROME
FBgn0263995 	CPO_DROME
FBgn0015623 	NCPR_DROME
FBgn0086519 	LCP2A_DROME
FBgn0261065 	CPSF3_DROME
FBgn0027873 	CPSF2_DROME
FBgn0024698 	CPSF1_DROME
FBgn0041605 	CPLX_DROME
FBgn0259685 	CRB_DROME
FBgn0005585 	CALR_DROME
FBgn0004396 	CREBA_DROME
FBgn0265784 	CREBB_DROME
FBgn0024811 	CRK_DROME
FBgn0000376 	CRM_DROME
FBgn0000377 	CRN_DROME
FBgn0014143 	CROC_DROME
FBgn0015924 	CRQ_DROME
FBgn0025680 	CRY1_DROME
FBgn0013767 	CORZ_DROME
FBgn0027057 	CSN1_DROME
FBgn0027055 	CSN3_DROME
FBgn0027054 	CSN4_DROME
FBgn0027053 	CSN5_DROME
FBgn0028837 	CSN6_DROME
FBgn0028836 	CSN7_DROME
FBgn0261437 	CSN8_DROME
FBgn0004179 	DNJC5_DROME
FBgn0015925 	ANM5_DROME
FBgn0000382 	CSW_DROME
FBgn0004198 	CUT_DROME
FBgn0000384 	GNAL_DROME
FBgn0020496 	CTBP_DROME
FBgn0011760 	DYL1_DROME
FBgn0266452 	PYRG_DROME
FBgn0052702 	CUBN_DROME
FBgn0011204 	CUE_DROME
FBgn0260932 	CUFF_DROME
FBgn0015509 	CUL1_DROME
FBgn0000392 	CUP_DROME
FBgn0023094 	CYCL_DROME
FBgn0000404 	CCNA_DROME
FBgn0000405 	CCNB_DROME
FBgn0015625 	CCNB3_DROME
FBgn0004597 	CCNC_DROME
FBgn0010382 	CCNE_DROME
FBgn0039858 	CYCG_DROME
FBgn0025455 	CCNT_DROME
FBgn0004432 	PPIA_DROME
FBgn0034053 	C4AA1_DROME
FBgn0031693 	C4AC1_DROME
FBgn0031694 	C4AC2_DROME
FBgn0031695 	C4AC3_DROME
FBgn0033292 	C4AD1_DROME
FBgn0015036 	C4AE1_DROME
FBgn0015032 	CP4C3_DROME
FBgn0005670 	CP4D1_DROME
FBgn0011576 	CP4D2_DROME
FBgn0015033 	CP4D8_DROME
FBgn0023541 	C4D14_DROME
FBgn0035344 	C4D20_DROME
FBgn0031925 	C4D21_DROME
FBgn0015034 	CP4E1_DROME
FBgn0014469 	CP4E2_DROME
FBgn0015035 	CP4E3_DROME
FBgn0010019 	CP4G1_DROME
FBgn0030304 	C4G15_DROME
FBgn0015037 	CP4P1_DROME
FBgn0033395 	CP4P2_DROME
FBgn0033397 	CP4P3_DROME
FBgn0030615 	CP4S3_DROME
FBgn0000473 	CP6A2_DROME
FBgn0013772 	CP6A8_DROME
FBgn0013771 	CP6A9_DROME
FBgn0033304 	C6A13_DROME
FBgn0033302 	C6A14_DROME
FBgn0015714 	C6A17_DROME
FBgn0039519 	C6A18_DROME
FBgn0033979 	C6A19_DROME
FBgn0033980 	C6A20_DROME
FBgn0033981 	C6A21_DROME
FBgn0013773 	C6A22_DROME
FBgn0033978 	C6A23_DROME
FBgn0034756 	CP6D2_DROME
FBgn0039006 	CP6D4_DROME
FBgn0038194 	CP6D5_DROME
FBgn0025454 	CP6G1_DROME
FBgn0033696 	CP6G2_DROME
FBgn0031182 	CP6T1_DROME
FBgn0033697 	CP6T3_DROME
FBgn0033121 	CP6U1_DROME
FBgn0031126 	CP6V1_DROME
FBgn0033065 	CP6W1_DROME
FBgn0015038 	CP9B1_DROME
FBgn0015039 	CP9B2_DROME
FBgn0015040 	CP9C1_DROME
FBgn0038037 	CP9F2_DROME
FBgn0033775 	CP9H1_DROME
FBgn0038681 	C12A4_DROME
FBgn0038680 	C12A5_DROME
FBgn0034387 	C12B2_DROME
FBgn0036806 	C12C1_DROME
FBgn0053503 	CCD1D_DROME
FBgn0050489 	CCD1P_DROME
FBgn0037817 	C12E1_DROME
FBgn0010383 	CP18A_DROME
FBgn0028940 	C28A5_DROME
FBgn0030339 	C28C1_DROME
FBgn0031689 	C28D1_DROME
FBgn0031688 	C28D2_DROME
FBgn0028382 	PPIE_DROME
FBgn0033524 	C49A1_DROME
FBgn0033753 	CP301_DROME
FBgn0001992 	CP303_DROME
FBgn0038095 	CP304_DROME
FBgn0036910 	CP305_DROME
FBgn0030949 	CP308_DROME
FBgn0031432 	CP391_DROME
FBgn0041337 	CP392_DROME
FBgn0032693 	CP310_DROME
FBgn0030367 	CP311_DROME
FBgn0036778 	CP312_DROME
FBgn0038236 	CA131_DROME
FBgn0038006 	CP132_DROME
FBgn0038007 	CP133_DROME
FBgn0038076 	CP134_DROME
FBgn0038005 	CP135_DROME
FBgn0037601 	CP313_DROME
FBgn0035790 	CP316_DROME
FBgn0033982 	CP317_DROME
FBgn0030369 	CP318_DROME
FBgn0004629 	CYTL_DROME
FBgn0264294 	CYB5_DROME
FBgn0000406 	CYB5R_DROME
FBgn0086907 	CYC1_DROME
FBgn0000409 	CYC2_DROME
FBgn0000411 	DICH_DROME
FBgn0000412 	CPD1_DROME
FBgn0267821 	DA_DROME
FBgn0000414 	DAB_DROME
FBgn0263930 	DALY_DROME
FBgn0039286 	DAN_DROME
FBgn0039283 	DANR_DROME
FBgn0263239 	DAR1_DROME
FBgn0015582 	ADRO_DROME
FBgn0019643 	DNAT_DROME
FBgn0034136 	DAT_DROME
FBgn0020305 	KRR1_DROME
FBgn0010387 	ACBP_DROME
FBgn0040230 	KLHDB_DROME
FBgn0010220 	DDX49_DROME
FBgn0004556 	DDX51_DROME
FBgn0024804 	DDX19_DROME
FBgn0002413 	DCO_DROME
FBgn0010501 	CASP1_DROME
FBgn0039016 	DCR1_DROME
FBgn0021825 	DCTN2_DROME
FBgn0259099 	EMAL_DROME
FBgn0029067 	CNEP1_DROME
FBgn0000422 	DDC_DROME
FBgn0015075 	DDX1_DROME
FBgn0013799 	DEAF1_DROME
FBgn0000427 	DEC11_DROME
FBgn0010385 	DEFI_DROME
FBgn0086251 	DEL_DROME
FBgn0010358 	TRYDG_DROME
FBgn0030802 	DENR_DROME
FBgn0267972 	DERL1_DROME
FBgn0000439 	DFD_DROME
FBgn0085390 	DGK1_DROME
FBgn0032048 	DIUX_DROME
FBgn0261797 	DYHC_DROME
FBgn0011761 	THIO1_DROME
FBgn0004087 	DYR_DROME
FBgn0000447 	PYRD_DROME
FBgn0011202 	DIA_DROME
FBgn0260635 	DIAP1_DROME
FBgn0015247 	DIAP2_DROME
FBgn0000449 	CP302_DROME
FBgn0039666 	DIE_DROME
FBgn0011274 	DIF_DROME
FBgn0033447 	CP131_DROME
FBgn0023091 	DIMM_DROME
FBgn0024806 	DIP2_DROME
FBgn0000459 	DISC_DROME
FBgn0029088 	DISP_DROME
FBgn0019828 	DJ_DROME
FBgn0000463 	DL_DROME
FBgn0260632 	DORS_DROME
FBgn0024432 	DYLT_DROME
FBgn0001624 	DLG1_DROME
FBgn0000157 	DLL_DROME
FBgn0024510 	DLT_DROME
FBgn0262656 	MYC_DROME
FBgn0011581 	NEMS_DROME
FBgn0278604 	DALMA_DROME
FBgn0263106 	DNAJ1_DROME
FBgn0260775 	DNJ60_DROME
FBgn0262619 	DNLI1_DROME
FBgn0011762 	PRI1_DROME
FBgn0259676 	PRI2_DROME
FBgn0005696 	DPOA2_DROME
FBgn0259113 	DPOLA_DROME
FBgn0263600 	DPOD1_DROME
FBgn0000479 	PDE4A_DROME
FBgn0022338 	DNK_DROME
FBgn0024245 	RYK2_DROME
FBgn0265998 	DOA_DROME
FBgn0015379 	DOD_DROME
FBgn0020306 	DOM_DROME
FBgn0043903 	DOME_DROME
FBgn0011582 	DOPR1_DROME
FBgn0266137 	DOPR2_DROME
FBgn0053517 	DRD2L_DROME
FBgn0000482 	VPS18_DROME
FBgn0016794 	DOS_DROME
FBgn0011763 	TFDP_DROME
FBgn0015929 	MCM4_DROME
FBgn0010109 	DPN_DROME
FBgn0000490 	DECA_DROME
FBgn0037580 	DPP3_DROME
FBgn0004240 	DIP_DROME
FBgn0032293 	DPY30_DROME
FBgn0000492 	HMSH_DROME
FBgn0052666 	DAPKR_DROME
FBgn0002183 	SPT16_DROME
FBgn0020381 	CASP8_DROME
FBgn0019972 	DRICE_DROME
FBgn0015872 	AQP_DROME
FBgn0004638 	DRK_DROME
FBgn0015380 	RYK1_DROME
FBgn0024244 	DRM_DROME
FBgn0010388 	DROS_DROME
FBgn0026404 	DRONC_DROME
FBgn0283461 	DMYC_DROME
FBgn0000497 	DS_DROME
FBgn0265296 	DSCL_DROME
FBgn0000499 	DSH_DROME
FBgn0000500 	DSK_DROME
FBgn0010269 	DSOR1_DROME
FBgn0278608 	HMG2_DROME
FBgn0000504 	DSX_DROME
FBgn0023090 	DAAF1_DROME
FBgn0283531 	DUOX_DROME
FBgn0250832 	DEJP_DROME
FBgn0000524 	DTX_DROME
FBgn0016930 	DYRK2_DROME
FBgn0027101 	DYRK3_DROME
FBgn0260003 	DMDA_DROME
FBgn0036819 	DTBP1_DROME
FBgn0011766 	E2F1_DROME
FBgn0024371 	E2F2_DROME
FBgn0000533 	EAST_DROME
FBgn0033166 	EAF_DROME
FBgn0000535 	KCNAE_DROME
FBgn0000536 	EAS_DROME
FBgn0263933 	EBI_DROME
FBgn0004181 	PEB1_DROME
FBgn0011694 	PEB2_DROME
FBgn0011695 	PEB3_DROME
FBgn0000541 	NU301_DROME
FBgn0069242 	TMEDE_DROME
FBgn0000543 	ECD_DROME
FBgn0035766 	ECO_DROME
FBgn0000546 	ECR_DROME
FBgn0028436 	ECSIT_DROME
FBgn0262579 	SARM1_DROME
FBgn0036735 	EDC3_DROME
FBgn0000551 	CUP7_DROME
FBgn0000552 	CUP8_DROME
FBgn0004554 	CUP9_DROME
FBgn0032198 	EF1D_DROME
FBgn0000556 	EF1A1_DROME
FBgn0000557 	EF1A2_DROME
FBgn0028737 	EF1B_DROME
FBgn0029176 	EF1G_DROME
FBgn0000559 	EF2_DROME
FBgn0011217 	UBCD1_DROME
FBgn0051159 	RRF2M_DROME
FBgn0029849 	S35B4_DROME
FBgn0000560 	EGON_DROME
FBgn0003731 	EGFR_DROME
FBgn0086908 	SETB1_DROME
FBgn0001404 	EGH_DROME
FBgn0033483 	EIGER_DROME
FBgn0000564 	ECLH_DROME
FBgn0029629 	EI3GA_DROME
FBgn0038796 	EI3GB_DROME
FBgn0034258 	EIF3C_DROME
FBgn0034237 	EIF3B_DROME
FBgn0037249 	EIF3A_DROME
FBgn0037573 	IF4A3_DROME
FBgn0030719 	IF5_DROME
FBgn0034915 	IF6_DROME
FBgn0261609 	IF2A_DROME
FBgn0004926 	IF2B_DROME
FBgn0263740 	IF2G_DROME
FBgn0022023 	EIF3H_DROME
FBgn0040227 	EI3D1_DROME
FBgn0001942 	IF4A_DROME
FBgn0015218 	IF4E_DROME
FBgn0034967 	IF5A_DROME
FBgn0004910 	E631_DROME
FBgn0000565 	MSRA_DROME
FBgn0000567 	E74EA_DROME
FBgn0000568 	E75BA_DROME
FBgn0004865 	E78C_DROME
FBgn0260400 	ELAV_DROME
FBgn0004858 	ELBOW_DROME
FBgn0031435 	ELBA2_DROME
FBgn0031621 	ELBA3_DROME
FBgn0039066 	ELOA1_DROME
FBgn0037926 	ELP1_DROME
FBgn0033540 	ELP2_DROME
FBgn0031604 	ELP3_DROME
FBgn0020497 	XPO1_DROME
FBgn0000575 	EMC_DROME
FBgn0034791 	EMC89_DROME
FBgn0000576 	EMS_DROME
FBgn0000577 	HMEN_DROME
FBgn0000578 	ENA_DROME
FBgn0004875 	ENC_DROME
FBgn0038659 	SH3G3_DROME
FBgn0000579 	ENO_DROME
FBgn0264672 	EOGT_DROME
FBgn0010425 	TRYE_DROME
FBgn0011586 	ER_DROME
FBgn0036974 	ERF1_DROME
FBgn0261274 	ERO1L_DROME
FBgn0023506 	DGC14_DROME
FBgn0000588 	ESC_DROME
FBgn0001981 	ESCA_DROME
FBgn0263934 	ESN_DROME
FBgn0000591 	ESM8_DROME
FBgn0002609 	ESM3_DROME
FBgn0002631 	ESM5_DROME
FBgn0002733 	ESMB_DROME
FBgn0000592 	EST6_DROME
FBgn0000594 	ESTP_DROME
FBgn0011554 	TRYU_DROME
FBgn0032157 	SMRCD_DROME
FBgn0005660 	ETS6_DROME
FBgn0005658 	ETS3_DROME
FBgn0004510 	ELG_DROME
FBgn0005659 	ETS4_DROME
FBgn0000606 	EVE_DROME
FBgn0262740 	EVI5_DROME
FBgn0005427 	EWG_DROME
FBgn0004583 	EXPA_DROME
FBgn0000611 	EXD_DROME
FBgn0266667 	EXOC7_DROME
FBgn0029175 	EXT2_DROME
FBgn0000615 	EXU_DROME
FBgn0005558 	PAX6_DROME
FBgn0000617 	TAF9_DROME
FBgn0000618 	ENY2_DROME
FBgn0040670 	ENY2B_DROME
FBgn0087008 	SAYP_DROME
FBgn0000320 	EYA_DROME
FBgn0031414 	EYS_DROME
FBgn0000629 	EZ_DROME
FBgn0028741 	FYV1_DROME
FBgn0038928 	FADD_DROME
FBgn0005632 	FAF_DROME
FBgn0262742 	FAS1_DROME
FBgn0000635 	FAS2_DROME
FBgn0000636 	FAS3_DROME
FBgn0020439 	FAU_DROME
FBgn0014163 	FAXC_DROME
FBgn0000639 	FBP1_DROME
FBgn0000640 	FBP2_DROME
FBgn0000644 	FCP3C_DROME
FBgn0004896 	FD3_DROME
FBgn0004895 	FD2_DROME
FBgn0004897 	FD4_DROME
FBgn0004898 	FD5_DROME
FBgn0011768 	ADHX_DROME
FBgn0045063 	FDL_DROME
FBgn0011769 	ADXH_DROME
FBgn0266268 	HEMH_DROME
FBgn0034542 	FEM1B_DROME
FBgn0025832 	FEN1_DROME
FBgn0030090 	FEND_DROME
FBgn0000723 	FER_DROME
FBgn0037937 	FER3_DROME
FBgn0030092 	FRDA_DROME
FBgn0003062 	FBRL_DROME
FBgn0263278 	FICD_DROME
FBgn0039694 	PTC71_DROME
FBgn0035498 	UN112_DROME
FBgn0000658 	FOJO_DROME
FBgn0013269 	FKB39_DROME
FBgn0013954 	FKB12_DROME
FBgn0029174 	FKB59_DROME
FBgn0000659 	FKH_DROME
FBgn0000662 	FL2D_DROME
FBgn0024555 	PP4R3_DROME
FBgn0000709 	FLII_DROME
FBgn0005633 	FTN_DROME
FBgn0024754 	FLOT1_DROME
FBgn0264078 	FLOT2_DROME
FBgn0260049 	WDR1_DROME
FBgn0000711 	PP1B_DROME
FBgn0028734 	FMR1_DROME
FBgn0000715 	FMRF_DROME
FBgn0011591 	FNG_DROME
FBgn0000719 	FOG_DROME
FBgn0024236 	FOI_DROME
FBgn0000721 	KGP24_DROME
FBgn0038197 	FOXO_DROME
FBgn0035385 	FMAR_DROME
FBgn0042641 	US74C_DROME
FBgn0036964 	FRG1_DROME
FBgn0030897 	FREQ_DROME
FBgn0086698 	FRITZ_DROME
FBgn0004652 	FRU_DROME
FBgn0016081 	FRY_DROME
FBgn0004656 	FSH_DROME
FBgn0000810 	K10_DROME
FBgn0000927 	FSYA_DROME
FBgn0262743 	IMB_DROME
FBgn0043010 	FBSP1_DROME
FBgn0001075 	FAT_DROME
FBgn0001077 	FTZ_DROME
FBgn0001078 	FTZF1_DROME
FBgn0001079 	FUSED_DROME
FBgn0036169 	FUCO_DROME
FBgn0030327 	FUT8_DROME
FBgn0036485 	FUCTA_DROME
FBgn0032117 	FUCTB_DROME
FBgn0044872 	FUCTC_DROME
FBgn0004509 	FUR11_DROME
FBgn0004598 	FUR2_DROME
FBgn0023441 	FUSIL_DROME
FBgn0259108 	FUTSC_DROME
FBgn0261722 	FLOWR_DROME
FBgn0024689 	COG5_DROME
FBgn0001084 	FUZZY_DROME
FBgn0001085 	FRIZ_DROME
FBgn0016797 	FRIZ2_DROME
FBgn0027343 	FRIZ3_DROME
FBgn0027342 	FRIZ4_DROME
FBgn0011596 	FZO_DROME
FBgn0001087 	AP3D_DROME
FBgn0004516 	DCE_DROME
FBgn0035147 	GALE_DROME
FBgn0034025 	GALT1_DROME
FBgn0030930 	GALT7_DROME
FBgn0010223 	GNAF_DROME
FBgn0001104 	GNAI_DROME
FBgn0001122 	GNAO_DROME
FBgn0004435 	GNAQ_DROME
FBgn0001123 	GNAS_DROME
FBgn0263200 	GALT_DROME
FBgn0028968 	COPG_DROME
FBgn0010359 	TRYDG_DROME
FBgn0260639 	TBG1_DROME
FBgn0010097 	TBG2_DROME
FBgn0001091 	G3P1_DROME
FBgn0001092 	G3P2_DROME
FBgn0029667 	GAS8_DROME
FBgn0260779 	GATA_DROME
FBgn0024234 	60A_DROME
FBgn0001105 	GBB1_DROME
FBgn0004623 	GBB2_DROME
FBgn0036862 	GBS76_DROME
FBgn0005695 	GCL_DROME
FBgn0040319 	GSH1_DROME
FBgn0014179 	GCM_DROME
FBgn0019809 	GCM2_DROME
FBgn0000808 	GD_DROME
FBgn0001098 	DHE3_DROME
FBgn0001099 	GDL_DROME
FBgn0028377 	GDLO_DROME
FBgn0032340 	EDC4_DROME
FBgn0023081 	GEK_DROME
FBgn0010225 	GELS_DROME
FBgn0036850 	GEMI2_DROME
FBgn0263831 	GEN_DROME
FBgn0004921 	GBG1_DROME
FBgn0267252 	GBGE_DROME
FBgn0037551 	ARL8_DROME
FBgn0011770 	HYI_DROME
FBgn0260817 	TYDP1_DROME
FBgn0001108 	DCTN1_DROME
FBgn0004618 	GLAS_DROME
FBgn0066114 	B3GI_DROME
FBgn0036144 	B3G2P_DROME
FBgn0032135 	B3G2S_DROME
FBgn0001112 	DHGL_DROME
FBgn0038934 	GLD2A_DROME
FBgn0015229 	GLEC_DROME
FBgn0001114 	GLT_DROME
FBgn0024963 	GLUCL_DROME
FBgn0004619 	GLR1_DROME
FBgn0264574 	GTR1_DROME
FBgn0015230 	GTR3_DROME
FBgn0004507 	PYG_DROME
FBgn0266064 	GYS_DROME
FBgn0031661 	GMDS_DROME
FBgn0267823 	FCL_DROME
FBgn0040323 	BGBP1_DROME
FBgn0040322 	BGBP2_DROME
FBgn0040321 	BGBP3_DROME
FBgn0004913 	RFC1_DROME
FBgn0032234 	ALG6_DROME
FBgn0004919 	GOLI_DROME
FBgn0039188 	GOGA5_DROME
FBgn0044871 	GOSR1_DROME
FBgn0001128 	GPDA_DROME
FBgn0264495 	DOT1L_DROME
FBgn0260798 	GPRK1_DROME
FBgn0261988 	GPRK2_DROME
FBgn0024232 	GPRS_DROME
FBgn0265139 	GR02A_DROME
FBgn0003747 	GR05A_DROME
FBgn0030108 	GR08A_DROME
FBgn0052693 	GR09A_DROME
FBgn0045502 	GR10A_DROME
FBgn0030297 	GR10B_DROME
FBgn0041250 	GR21A_DROME
FBgn0045501 	GR22A_DROME
FBgn0045500 	GR22B_DROME
FBgn0265138 	GR22C_DROME
FBgn0045498 	GR22D_DROME
FBgn0045497 	GR22E_DROME
FBgn0041249 	GR22F_DROME
FBgn0041248 	G23AA_DROME
FBgn0041247 	GR28A_DROME
FBgn0045495 	GR28B_DROME
FBgn0041246 	GR32A_DROME
FBgn0032416 	GR33A_DROME
FBgn0045487 	GR36A_DROME
FBgn0045486 	GR36B_DROME
FBgn0045485 	GR36C_DROME
FBgn0264556 	G39AA_DROME
FBgn0041245 	GR39B_DROME
FBgn0041243 	GR43A_DROME
FBgn0041241 	GR47B_DROME
FBgn0041240 	GR57A_DROME
FBgn0041239 	GR58A_DROME
FBgn0041238 	GR58B_DROME
FBgn0041237 	GR58C_DROME
FBgn0041235 	GR59C_DROME
FBgn0041236 	GR59D_DROME
FBgn0041233 	GR59E_DROME
FBgn0041234 	GR59F_DROME
FBgn0035167 	GR61A_DROME
FBgn0035468 	GR63A_DROME
FBgn0045479 	GR64A_DROME
FBgn0045478 	GR64B_DROME
FBgn0045477 	GR64C_DROME
FBgn0035486 	GR64D_DROME
FBgn0045476 	GR64E_DROME
FBgn0052255 	GR64F_DROME
FBgn0035870 	GR66A_DROME
FBgn0041231 	GR68A_DROME
FBgn0045474 	GR77A_DROME
FBgn0045473 	GR85A_DROME
FBgn0038440 	GR89A_DROME
FBgn0045471 	GR92A_DROME
FBgn0041229 	GR93A_DROME
FBgn0045470 	GR93B_DROME
FBgn0045469 	GR93C_DROME
FBgn0041225 	GR94A_DROME
FBgn0041224 	GR97A_DROME
FBgn0039520 	GR98A_DROME
FBgn0046887 	GR98B_DROME
FBgn0046886 	GR98C_DROME
FBgn0046885 	GR98D_DROME
FBgn0001133 	GRAU_DROME
FBgn0001134 	GBRAL_DROME
FBgn0259211 	ELF1_DROME
FBgn0015946 	GRIM_DROME
FBgn0026431 	GCP4_DROME
FBgn0026430 	GCP2_DROME
FBgn0001137 	GRK_DROME
FBgn0001138 	GATAC_DROME
FBgn0032682 	GRND_DROME
FBgn0001139 	GROU_DROME
FBgn0261278 	CHK1_DROME
FBgn0001142 	GLNA1_DROME
FBgn0019982 	GS1_DROME
FBgn0001145 	GLNA2_DROME
FBgn0001148 	GSB_DROME
FBgn0001147 	GSBN_DROME
FBgn0010323 	GSC_DROME
FBgn0046332 	GSK3H_DROME
FBgn0001149 	GSTD1_DROME
FBgn0010038 	GSTD2_DROME
FBgn0010039 	GSTD3_DROME
FBgn0010040 	GSTD4_DROME
FBgn0010041 	GSTD5_DROME
FBgn0010042 	GSTD6_DROME
FBgn0010043 	GSTD7_DROME
FBgn0033817 	GSTEE_DROME
FBgn0010226 	GSTS1_DROME
FBgn0037696 	MAAI1_DROME
FBgn0037697 	MAAI2_DROME
FBgn0001150 	GIANT_DROME
FBgn0010391 	SRPRA_DROME
FBgn0026238 	GUS_DROME
FBgn0051992 	GAWKY_DROME
FBgn0010197 	GCY3E_DROME
FBgn0266136 	GC76C_DROME
FBgn0038295 	GCY8E_DROME
FBgn0038435 	GCYDA_DROME
FBgn0038436 	GCYDB_DROME
FBgn0013972 	GCYH_DROME
FBgn0014964 	ENV1_DROME
FBgn0014965 	GAGY_DROME
FBgn0014966 	POLY_DROME
FBgn0001168 	HAIR_DROME
FBgn0001169 	HLES_DROME
FBgn0001170 	HMH2_DROME
FBgn0016660 	H15_DROME
FBgn0045852 	HAM_DROME
FBgn0026575 	HANG_DROME
FBgn0046706 	HASP_DROME
FBgn0001179 	ERCC3_DROME
FBgn0030925 	HAYAN_DROME
FBgn0001180 	HUNB_DROME
FBgn0039904 	HCF_DROME
FBgn0086695 	DONS_DROME
FBgn0005619 	DCHS_DROME
FBgn0010113 	HDC_DROME
FBgn0029977 	HDM_DROME
FBgn0051320 	DAAF5_DROME
FBgn0028375 	UBIA1_DROME
FBgn0014189 	DX39B_DROME
FBgn0011771 	HEM_DROME
FBgn0033686 	HENMT_DROME
FBgn0010303 	HEP_DROME
FBgn0031107 	HERC2_DROME
FBgn0042711 	HXK1_DROME
FBgn0042710 	HXK2_DROME
FBgn0027788 	HEY_DROME
FBgn0001189 	HFW1_DROME
FBgn0040211 	HGD_DROME
FBgn0004644 	HH_DROME
FBgn0003997 	HID_DROME
FBgn0010114 	HIG_DROME
FBgn0260484 	F10A1_DROME
FBgn0259824 	HIP14_DROME
FBgn0029676 	F10A2_DROME
FBgn0022786 	HIRA_DROME
FBgn0001195 	H1_DROME
FBgn0051617 	H1_DROME
FBgn0053804 	H1_DROME
FBgn0053810 	H1_DROME
FBgn0053813 	H1_DROME
FBgn0053816 	H1_DROME
FBgn0053819 	H1_DROME
FBgn0053822 	H1_DROME
FBgn0053825 	H1_DROME
FBgn0053828 	H1_DROME
FBgn0053831 	H1_DROME
FBgn0053837 	H1_DROME
FBgn0053840 	H1_DROME
FBgn0053843 	H1_DROME
FBgn0053846 	H1_DROME
FBgn0053849 	H1_DROME
FBgn0053852 	H1_DROME
FBgn0053864 	H1_DROME
FBgn0001196 	H2A_DROME
FBgn0051618 	H2A_DROME
FBgn0053808 	H2A_DROME
FBgn0053814 	H2A_DROME
FBgn0053817 	H2A_DROME
FBgn0053820 	H2A_DROME
FBgn0053823 	H2A_DROME
FBgn0053826 	H2A_DROME
FBgn0053829 	H2A_DROME
FBgn0053832 	H2A_DROME
FBgn0053835 	H2A_DROME
FBgn0053838 	H2A_DROME
FBgn0053841 	H2A_DROME
FBgn0053844 	H2A_DROME
FBgn0053847 	H2A_DROME
FBgn0053850 	H2A_DROME
FBgn0053862 	H2A_DROME
FBgn0053865 	H2A_DROME
FBgn0001197 	H2AV_DROME
FBgn0001198 	H2B_DROME
FBgn0061209 	H2B_DROME
FBgn0053868 	H2B_DROME
FBgn0053870 	H2B_DROME
FBgn0053872 	H2B_DROME
FBgn0053874 	H2B_DROME
FBgn0053876 	H2B_DROME
FBgn0053878 	H2B_DROME
FBgn0053880 	H2B_DROME
FBgn0053882 	H2B_DROME
FBgn0053884 	H2B_DROME
FBgn0053886 	H2B_DROME
FBgn0053888 	H2B_DROME
FBgn0053890 	H2B_DROME
FBgn0053892 	H2B_DROME
FBgn0053894 	H2B_DROME
FBgn0053896 	H2B_DROME
FBgn0053898 	H2B_DROME
FBgn0053900 	H2B_DROME
FBgn0053902 	H2B_DROME
FBgn0053904 	H2B_DROME
FBgn0053906 	H2B_DROME
FBgn0053908 	H2B_DROME
FBgn0053910 	H2B_DROME
FBgn0001199 	H3_DROME
FBgn0014857 	H33_DROME
FBgn0004828 	H33_DROME
FBgn0051613 	H3_DROME
FBgn0053803 	H3_DROME
FBgn0053806 	H3_DROME
FBgn0053809 	H3_DROME
FBgn0053812 	H3_DROME
FBgn0053815 	H3_DROME
FBgn0053818 	H3_DROME
FBgn0053821 	H3_DROME
FBgn0053824 	H3_DROME
FBgn0053827 	H3_DROME
FBgn0053830 	H3_DROME
FBgn0053833 	H3_DROME
FBgn0053836 	H3_DROME
FBgn0053839 	H3_DROME
FBgn0053842 	H3_DROME
FBgn0053845 	H3_DROME
FBgn0053848 	H3_DROME
FBgn0053851 	H3_DROME
FBgn0053854 	H3_DROME
FBgn0053857 	H3_DROME
FBgn0053860 	H3_DROME
FBgn0053863 	H3_DROME
FBgn0053866 	H3_DROME
FBgn0001200 	H4_DROME
FBgn0051611 	H4_DROME
FBgn0053869 	H4_DROME
FBgn0053871 	H4_DROME
FBgn0053873 	H4_DROME
FBgn0053875 	H4_DROME
FBgn0053877 	H4_DROME
FBgn0053879 	H4_DROME
FBgn0053881 	H4_DROME
FBgn0053883 	H4_DROME
FBgn0053885 	H4_DROME
FBgn0053887 	H4_DROME
FBgn0053889 	H4_DROME
FBgn0053891 	H4_DROME
FBgn0053893 	H4_DROME
FBgn0053895 	H4_DROME
FBgn0053897 	H4_DROME
FBgn0053899 	H4_DROME
FBgn0053901 	H4_DROME
FBgn0053903 	H4_DROME
FBgn0053905 	H4_DROME
FBgn0053907 	H4_DROME
FBgn0053909 	H4_DROME
FBgn0013981 	H4_DROME
FBgn0030600 	HIW_DROME
FBgn0002633 	ESM7_DROME
FBgn0002734 	ESMD_DROME
FBgn0002735 	ESMC_DROME
FBgn0263782 	HMDH_DROME
FBgn0004362 	HMGD_DROME
FBgn0010228 	HMGZ_DROME
FBgn0044442 	GAGHB_DROME
FBgn0025639 	SUV42_DROME
FBgn0038607 	HMW_DROME
FBgn0264005 	HMX_DROME
FBgn0001208 	PH4H_DROME
FBgn0004914 	HNF4_DROME
FBgn0014191 	HOBOT_DROME
FBgn0015393 	NH2L1_DROME
FBgn0032250 	CD2B2_DROME
FBgn0001202 	HOOK_DROME
FBgn0004864 	JAK_DROME
FBgn0264491 	HOW_DROME
FBgn0261456 	HIPPO_DROME
FBgn0264562 	HR4_DROME
FBgn0014859 	HR38_DROME
FBgn0261239 	FTF1B_DROME
FBgn0000448 	HR3_DROME
FBgn0015239 	HR78_DROME
FBgn0015240 	HR96_DROME
FBgn0004838 	RB27C_DROME
FBgn0004237 	RB87F_DROME
FBgn0001215 	ROA1_DROME
FBgn0031450 	HRS_DROME
FBgn0024230 	HS2ST_DROME
FBgn0001216 	HSP7A_DROME
FBgn0001217 	HSP7B_DROME
FBgn0001218 	HSP7C_DROME
FBgn0266599 	HSP7D_DROME
FBgn0001220 	HSP7E_DROME
FBgn0001222 	HSF_DROME
FBgn0001223 	HSP22_DROME
FBgn0001224 	HSP23_DROME
FBgn0001225 	HSP26_DROME
FBgn0001226 	HSP27_DROME
FBgn0015245 	CH60_DROME
FBgn0011244 	CH60B_DROME
FBgn0031728 	CH60C_DROME
FBgn0001227 	HSP6A_DROME
FBgn0001228 	HS6B_DROME
FBgn0001229 	HSP6C_DROME
FBgn0001230 	HSP68_DROME
FBgn0013275 	HSP70_DROME
FBgn0013276 	HSP71_DROME
FBgn0013277 	HSP72_DROME
FBgn0013278 	HSP73_DROME
FBgn0051354 	HSP74_DROME
FBgn0013279 	HSP75_DROME
FBgn0001233 	HSP83_DROME
FBgn0001235 	HTH_DROME
FBgn0010389 	FGFR1_DROME
FBgn0038233 	HTRA2_DROME
FBgn0263391 	HTS_DROME
FBgn0028374 	HUGIN_DROME
FBgn0002431 	HYD_DROME
FBgn0014906 	ABHD2_DROME
FBgn0024227 	AURKB_DROME
FBgn0034853 	ICE1_DROME
FBgn0038860 	ICE2_DROME
FBgn0029079 	ICLN_DROME
FBgn0263133 	EFGM_DROME
FBgn0001247 	IDE_DROME
FBgn0020416 	IDGF1_DROME
FBgn0020415 	IDGF2_DROME
FBgn0020414 	IDGF3_DROME
FBgn0026415 	IDGF4_DROME
FBgn0064237 	IDGF5_DROME
FBgn0001250 	ITA2_DROME
FBgn0031872 	IHOG_DROME
FBgn0044051 	INSL1_DROME
FBgn0036046 	INSL2_DROME
FBgn0044050 	INSL3_DROME
FBgn0044049 	INSL4_DROME
FBgn0044048 	INSL5_DROME
FBgn0044047 	INSL6_DROME
FBgn0044046 	INSL7_DROME
FBgn0034329 	IM01_DROME
FBgn0025583 	IM02_DROME
FBgn0040736 	IM03_DROME
FBgn0040653 	IM04_DROME
FBgn0067905 	IM14_DROME
FBgn0067903 	IM18_DROME
FBgn0034328 	IM23_DROME
FBgn0039139 	MTA70_DROME
FBgn0001254 	IMPE2_DROME
FBgn0001257 	IMPL2_DROME
FBgn0001258 	LDH_DROME
FBgn0033835 	IMPP_DROME
FBgn0001259 	INTU_DROME
FBgn0004784 	KPC2_DROME
FBgn0001263 	INAD_DROME
FBgn0036816 	INDY1_DROME
FBgn0260466 	INDY2_DROME
FBgn0011603 	INE_DROME
FBgn0086613 	INO80_DROME
FBgn0025885 	INO1_DROME
FBgn0283499 	INSR_DROME
FBgn0031434 	INSV_DROME
FBgn0025582 	EIF3E_DROME
FBgn0262117 	INT3_DROME
FBgn0001269 	HMIN_DROME
FBgn0086359 	LMLN_DROME
FBgn0027108 	INX2_DROME
FBgn0265274 	INX3_DROME
FBgn0030989 	INX5_DROME
FBgn0027107 	INX6_DROME
FBgn0027106 	INX7_DROME
FBgn0015001 	TRYI_DROME
FBgn0050295 	IPPK_DROME
FBgn0031209 	IR21A_DROME
FBgn0031634 	IR25A_DROME
FBgn0011774 	KU70_DROME
FBgn0024222 	IKKB_DROME
FBgn0011604 	ISWI_DROME
FBgn0034005 	ITA4_DROME
FBgn0034880 	ITA5_DROME
FBgn0010395 	ITBN_DROME
FBgn0010051 	ITPR_DROME
FBgn0001276 	MED29_DROME
FBgn0040309 	PRDX1_DROME
FBgn0037374 	JAGN_DROME
FBgn0001280 	JANA_DROME
FBgn0001281 	JANB_DROME
FBgn0011225 	MYS9_DROME
FBgn0027654 	JDP_DROME
FBgn0028841 	JHAMT_DROME
FBgn0028426 	RNZ_DROME
FBgn0020412 	JIL1_DROME
FBgn0086655 	JING_DROME
FBgn0020297 	GAGJ_DROME
FBgn0015952 	RTJK_DROME
FBgn0003358 	SER3_DROME
FBgn0003356 	SER1_DROME
FBgn0003357 	SER1_DROME
FBgn0001291 	JRA_DROME
FBgn0030530 	AJUBA_DROME
FBgn0051363 	JUPIT_DROME
FBgn0040513 	KBRAS_DROME
FBgn0001297 	FOSLA_DROME
FBgn0002578 	ESM1_DROME
FBgn0267330 	ERD2_DROME
FBgn0037659 	JHD1_DROME
FBgn0033233 	KDM4A_DROME
FBgn0053182 	KDM4B_DROME
FBgn0261955 	CISY_DROME
FBgn0001301 	KELC_DROME
FBgn0011236 	KEN_DROME
FBgn0041205 	NEMO_DROME
FBgn0031821 	KFA_DROME
FBgn0001308 	KINH_DROME
FBgn0262127 	KIBRA_DROME
FBgn0010235 	KLC_DROME
FBgn0030268 	KI10A_DROME
FBgn0034824 	KI59C_DROME
FBgn0004378 	KL61_DROME
FBgn0004381 	KLP68_DROME
FBgn0004387 	KL98A_DROME
FBgn0001319 	COLL_DROME
FBgn0001320 	KNIR_DROME
FBgn0001323 	KNRL_DROME
FBgn0001325 	KRUP_DROME
FBgn0250753 	PKRA_DROME
FBgn0020545 	KRAK_DROME
FBgn0266450 	KRH1_DROME
FBgn0266449 	KRH2_DROME
FBgn0040890 	KISH_DROME
FBgn0001324 	MED12_DROME
FBgn0015721 	TULP_DROME
FBgn0261574 	FAT2_DROME
FBgn0001330 	KZ_DROME
FBgn0001612 	GCP3_DROME
FBgn0027334 	PNO1_DROME
FBgn0027330 	NAT10_DROME
FBgn0026666 	ISCA1_DROME
FBgn0027291 	IDH3A_DROME
FBgn0027279 	VIP1_DROME
FBgn0002561 	AST3_DROME
FBgn0261534 	DFP_DROME
FBgn0261882 	THG1_DROME
FBgn0001974 	MCES_DROME
FBgn0002031 	L2CC_DROME
FBgn0086447 	RPAC2_DROME
FBgn0010549 	L259_DROME
FBgn0013548 	L2DTL_DROME
FBgn0011296 	L2EFL_DROME
FBgn0261983 	C2D1_DROME
FBgn0002121 	L2GL_DROME
FBgn0086451 	HEAT1_DROME
FBgn0016970 	L2K1_DROME
FBgn0263852 	DAD1_DROME
FBgn0011297 	NT53_DROME
FBgn0002174 	TID_DROME
FBgn0263599 	U520_DROME
FBgn0262517 	LTN1_DROME
FBgn0010741 	PFD2_DROME
FBgn0010926 	NOP14_DROME
FBgn0002440 	MBN_DROME
FBgn0011638 	LA_DROME
FBgn0002522 	LAB_DROME
FBgn0010238 	LACH_DROME
FBgn0029006 	SMUF1_DROME
FBgn0002525 	LAM0_DROME
FBgn0016031 	PLBL_DROME
FBgn0010397 	LAMC_DROME
FBgn0002526 	LAMA_DROME
FBgn0261800 	LAMB1_DROME
FBgn0267348 	LAMC1_DROME
FBgn0086372 	PICAL_DROME
FBgn0033984 	LAP1_DROME
FBgn0000464 	LAR_DROME
FBgn0011640 	LARK_DROME
FBgn0261618 	LARP_DROME
FBgn0029158 	LIAS_DROME
FBgn0063485 	LASP1_DROME
FBgn0016032 	LBM_DROME
FBgn0034657 	LBR_DROME
FBgn0010240 	GBRB3_DROME
FBgn0002531 	LCP1_DROME
FBgn0002533 	LCP2_DROME
FBgn0002534 	LCP3_DROME
FBgn0002535 	LCP4_DROME
FBgn0025578 	LCP9_DROME
FBgn0020644 	LCP5_DROME
FBgn0020643 	LCP5_DROME
FBgn0020638 	LCP8_DROME
FBgn0020637 	LCP8_DROME
FBgn0035838 	DBR1_DROME
FBgn0026634 	COG2_DROME
FBgn0002542 	TTF2_DROME
FBgn0053532 	LEDL2_DROME
FBgn0053533 	LEDL3_DROME
FBgn0019886 	A60DA_DROME
FBgn0039907 	BCL9_DROME
FBgn0031759 	KDM5_DROME
FBgn0020279 	LIG_DROME
FBgn0027539 	LILI_DROME
FBgn0041111 	AFF4_DROME
FBgn0041203 	LIMK1_DROME
FBgn0002552 	LINES_DROME
FBgn0035626 	LIN28_DROME
FBgn0023496 	LIP1_DROME
FBgn0023495 	LIP3_DROME
FBgn0015754 	LIS1_DROME
FBgn0028418 	LCK_DROME
FBgn0083946 	DRC7_DROME
FBgn0020278 	RGS_DROME
FBgn0019686 	LOK_DROME
FBgn0283521 	LOLA1_DROME
FBgn0022238 	LOLAL_DROME
FBgn0036892 	LONM_DROME
FBgn0266129 	LOV_DROME
FBgn0052699 	PCAT_DROME
FBgn0039114 	LSD1_DROME
FBgn0030608 	LSD2_DROME
FBgn0002562 	LSP1A_DROME
FBgn0002563 	LSP1B_DROME
FBgn0002564 	LSP1G_DROME
FBgn0002565 	LSP2_DROME
FBgn0264691 	LST8_DROME
FBgn0020277 	OB76A_DROME
FBgn0029688 	LVA_DROME
FBgn0011201 	LYSA_DROME
FBgn0004425 	LYSB_DROME
FBgn0004426 	LYSA_DROME
FBgn0004427 	LYSD_DROME
FBgn0004428 	LYSE_DROME
FBgn0004429 	LYSP_DROME
FBgn0004430 	LYSS_DROME
FBgn0004431 	LYSX_DROME
FBgn0002576 	LOZEN_DROME
FBgn0002592 	ESM2_DROME
FBgn0002629 	ESM4_DROME
FBgn0002632 	ESM6_DROME
FBgn0029003 	MAB21_DROME
FBgn0032493 	MABI_DROME
FBgn0000037 	ACM1_DROME
FBgn0011648 	MAD_DROME
FBgn0027497 	NRBP_DROME
FBgn0016034 	MAEL_DROME
FBgn0002736 	MGN_DROME
FBgn0034641 	DCAF1_DROME
FBgn0002641 	MOCOS_DROME
FBgn0002570 	MAL1_DROME
FBgn0002569 	MAL2_DROME
FBgn0002571 	MAL3_DROME
FBgn0002732 	ESMA_DROME
FBgn0002643 	MAM_DROME
FBgn0034962 	MAN1_DROME
FBgn0027095 	ARMET_DROME
FBgn0002645 	MA205_DROME
FBgn0013987 	MAPK2_DROME
FBgn0034282 	AN32A_DROME
FBgn0031655 	SMAL1_DROME
FBgn0029870 	MARF_DROME
FBgn0033845 	MARS_DROME
FBgn0043884 	ANKHM_DROME
FBgn0261286 	NOL6_DROME
FBgn0038965 	MOB1_DROME
FBgn0017578 	MAX_DROME
FBgn0265487 	MBL_DROME
FBgn0086912 	MBM_DROME
FBgn0026207 	NUP88_DROME
FBgn0025743 	PAKM_DROME
FBgn0014861 	MCM2_DROME
FBgn0024332 	MCM3_DROME
FBgn0017577 	MCM5_DROME
FBgn0025815 	MCM6_DROME
FBgn0020633 	MCM7_DROME
FBgn0032929 	MCM10_DROME
FBgn0029833 	MCTS1_DROME
FBgn0004512 	MDR49_DROME
FBgn0004513 	MDR65_DROME
FBgn0004419 	DDX6_DROME
FBgn0037109 	MED1_DROME
FBgn0035754 	MED4_DROME
FBgn0024330 	MED6_DROME
FBgn0051390 	MED7_DROME
FBgn0034503 	MED8_DROME
FBgn0260401 	MED9_DROME
FBgn0036581 	MED10_DROME
FBgn0036811 	MED11_DROME
FBgn0035145 	MED14_DROME
FBgn0027592 	MED15_DROME
FBgn0034707 	MED16_DROME
FBgn0038578 	MED17_DROME
FBgn0026873 	MED18_DROME
FBgn0036761 	MED19_DROME
FBgn0013531 	MED20_DROME
FBgn0040020 	MED21_DROME
FBgn0040339 	MED22_DROME
FBgn0034795 	MED23_DROME
FBgn0035851 	MED24_DROME
FBgn0038760 	MED25_DROME
FBgn0039923 	MED26_DROME
FBgn0037359 	MED27_DROME
FBgn0039337 	MED28_DROME
FBgn0035149 	MED30_DROME
FBgn0037262 	MED31_DROME
FBgn0011656 	MEF2_DROME
FBgn0002707 	XPF_DROME
FBgn0004367 	ATR_DROME
FBgn0250820 	S35B1_DROME
FBgn0016036 	TO6BL_DROME
FBgn0002715 	SGO1_DROME
FBgn0002716 	SPO11_DROME
FBgn0023001 	MELT_DROME
FBgn0260856 	GOSR2_DROME
FBgn0086384 	MERH_DROME
FBgn0039559 	MES4_DROME
FBgn0051004 	MESH_DROME
FBgn0039650 	MESH1_DROME
FBgn0035247 	METL_DROME
FBgn0004456 	ITA1_DROME
FBgn0004228 	MEX1_DROME
FBgn0030731 	DHB4_DROME
FBgn0039561 	MFRN_DROME
FBgn0019985 	GRM_DROME
FBgn0264694 	PFD3_DROME
FBgn0264695 	MYSA_DROME
FBgn0262519 	CHDM_DROME
FBgn0263601 	MIB_DROME
FBgn0053208 	MICAL_DROME
FBgn0262872 	MILT_DROME
FBgn0031399 	MIO_DROME
FBgn0036713 	MIP_DROME
FBgn0033846 	LIN54_DROME
FBgn0039140 	MIRO_DROME
FBgn0019960 	MIC60_DROME
FBgn0036844 	DUSK3_DROME
FBgn0002772 	MLC1_DROME
FBgn0002773 	MLR_DROME
FBgn0004687 	MLC2_DROME
FBgn0002774 	MLE_DROME
FBgn0034051 	MLF_DROME
FBgn0259209 	MLP1_DROME
FBgn0014863 	MLP2_DROME
FBgn0033438 	D2MP_DROME
FBgn0259168 	MNB_DROME
FBgn0017572 	MO25_DROME
FBgn0259481 	MOB2_DROME
FBgn0259482 	MOB3_DROME
FBgn0259483 	MOB4_DROME
FBgn0263241 	MOCS1_DROME
FBgn0039280 	MOC2B_DROME
FBgn0002780 	MODU_DROME
FBgn0002781 	MMD4_DROME
FBgn0011661 	MOEH_DROME
FBgn0014340 	MOF_DROME
FBgn0031985 	MON2_DROME
FBgn0025631 	MOODY_DROME
FBgn0002789 	MP20_DROME
FBgn0038662 	MPC1_DROME
FBgn0015765 	MK14A_DROME
FBgn0027378 	EAF3_DROME
FBgn0038319 	RM09_DROME
FBgn0031231 	RM10_DROME
FBgn0038234 	RM11_DROME
FBgn0032720 	RM13_DROME
FBgn0037608 	RM19_DROME
FBgn0030786 	RM22_DROME
FBgn0035335 	RM23_DROME
FBgn0031651 	RM24_DROME
FBgn0031660 	RM28_DROME
FBgn0039835 	RM32_DROME
FBgn0040907 	RM33_DROME
FBgn0083983 	RM34_DROME
FBgn0038923 	RM35_DROME
FBgn0036462 	RM39_DROME
FBgn0034001 	RM41_DROME
FBgn0263863 	RM45_DROME
FBgn0030433 	RM49_DROME
FBgn0032053 	RM51_DROME
FBgn0033208 	RM52_DROME
FBgn0038678 	RM55_DROME
FBgn0035534 	RT06_DROME
FBgn0032236 	RT07_DROME
FBgn0038307 	RT10_DROME
FBgn0033907 	RT16_DROME
FBgn0039159 	RT24_DROME
FBgn0030572 	RT25_DROME
FBgn0036774 	RT26_DROME
FBgn0036486 	MSH6_DROME
FBgn0005617 	MSL1_DROME
FBgn0005616 	MSL2_DROME
FBgn0002775 	MSL3_DROME
FBgn0004414 	OPAP_DROME
FBgn0020272 	MST_DROME
FBgn0011667 	MST40_DROME
FBgn0011668 	MS57A_DROME
FBgn0011669 	MS57B_DROME
FBgn0011670 	MS57C_DROME
FBgn0086915 	18C_DROME
FBgn0004172 	MS84A_DROME
FBgn0004173 	MS84B_DROME
FBgn0004174 	MS84C_DROME
FBgn0004175 	MS84D_DROME
FBgn0002862 	MS87F_DROME
FBgn0053548 	MSTAA_DROME
FBgn0034215 	MTAP_DROME
FBgn0013672 	ATP6_DROME
FBgn0013673 	ATP8_DROME
FBgn0013674 	COX1_DROME
FBgn0013675 	COX2_DROME
FBgn0013676 	COX3_DROME
FBgn0013678 	CYB_DROME
FBgn0023000 	MTH_DROME
FBgn0030766 	MTH1_DROME
FBgn0035623 	MTH2_DROME
FBgn0028956 	MTH3_DROME
FBgn0034219 	MTH4_DROME
FBgn0037960 	MTH5_DROME
FBgn0035789 	MTH6_DROME
FBgn0035847 	MTH7_DROME
FBgn0052475 	MTH8_DROME
FBgn0035131 	MTH9_DROME
FBgn0035132 	MTH10_DROME
FBgn0045443 	MTH11_DROME
FBgn0045442 	MTH12_DROME
FBgn0052476 	MTH14_DROME
FBgn0014865 	MTK_DROME
FBgn0002868 	MT1_DROME
FBgn0002869 	MT2_DROME
FBgn0038790 	MT3_DROME
FBgn0053192 	MT4_DROME
FBgn0013679 	NU1M_DROME
FBgn0013680 	NU2M_DROME
FBgn0013681 	NU3M_DROME
FBgn0262952 	NU4M_DROME
FBgn0013683 	NU4LM_DROME
FBgn0013684 	NU5M_DROME
FBgn0013685 	NU6M_DROME
FBgn0013756 	TPR_DROME
FBgn0010431 	MTRM_DROME
FBgn0004177 	PP2A_DROME
FBgn0262598 	MTSH_DROME
FBgn0010438 	SSBP_DROME
FBgn0261381 	TFB1M_DROME
FBgn0037778 	TFB2M_DROME
FBgn0002901 	ATRIP_DROME
FBgn0002905 	DPOLQ_DROME
FBgn0002909 	SLX4_DROME
FBgn0083967 	BL1S5_DROME
FBgn0011672 	MVL_DROME
FBgn0031637 	MXT_DROME
FBgn0002914 	MYB_DROME
FBgn0086347 	MY31D_DROME
FBgn0010246 	MY61F_DROME
FBgn0004657 	ITBX_DROME
FBgn0033379 	SDA1_DROME
FBgn0040298 	PMYT1_DROME
FBgn0004647 	NOTCH_DROME
FBgn0036039 	NAA60_DROME
FBgn0029762 	NAAT1_DROME
FBgn0259986 	NAB_DROME
FBgn0265351 	FUCT1_DROME
FBgn0086904 	NACA_DROME
FBgn0024319 	NACH_DROME
FBgn0000036 	ACH1_DROME
FBgn0000039 	ACH2_DROME
FBgn0000038 	ACH3_DROME
FBgn0004118 	ACH4_DROME
FBgn0085434 	SCN60_DROME
FBgn0002922 	MYOD_DROME
FBgn0032924 	MUT7_DROME
FBgn0028926 	NC2B_DROME
FBgn0013303 	NCAH_DROME
FBgn0002924 	NCD_DROME
FBgn0028704 	NCKX_DROME
FBgn0086707 	CWC22_DROME
FBgn0039234 	NICA_DROME
FBgn0019957 	NDUAA_DROME
FBgn0017566 	NDUS1_DROME
FBgn0011361 	ACPM_DROME
FBgn0039125 	NDC1_DROME
FBgn0002926 	NUDEL_DROME
FBgn0259174 	NEDD4_DROME
FBgn0032725 	NEDD8_DROME
FBgn0038872 	NELFA_DROME
FBgn0027553 	NELFB_DROME
FBgn0017430 	NELFE_DROME
FBgn0261479 	DOHH_DROME
FBgn0026630 	MBOA5_DROME
FBgn0015773 	NETA_DROME
FBgn0015774 	NETB_DROME
FBgn0002932 	NEUR_DROME
FBgn0037447 	NCDN_DROME
FBgn0002933 	NG1_DROME
FBgn0010294 	NG2_DROME
FBgn0010295 	NG3_DROME
FBgn0010296 	NG4_DROME
FBgn0029148 	NHP2_DROME
FBgn0002936 	CYPR_DROME
FBgn0002937 	NINAB_DROME
FBgn0002938 	NINAC_DROME
FBgn0002940 	OPS1_DROME
FBgn0037896 	NINAG_DROME
FBgn0053554 	TRA1_DROME
FBgn0026401 	NIPB_DROME
FBgn0030724 	NIPSN_DROME
FBgn0024945 	NFT1_DROME
FBgn0085442 	NKAIN_DROME
FBgn0002945 	NKD_DROME
FBgn0021874 	NLE_DROME
FBgn0016685 	NLP_DROME
FBgn0010399 	NMDA1_DROME
FBgn0010222 	MTDC_DROME
FBgn0020392 	NMT_DROME
FBgn0265726 	NNAD_DROME
FBgn0022069 	RRP1L_DROME
FBgn0026400 	ZN330_DROME
FBgn0005771 	NOC_DROME
FBgn0002948 	NOD_DROME
FBgn0044029 	NOF_DROME
FBgn0014366 	NOI_DROME
FBgn0028473 	NOG1_DROME
FBgn0038585 	RPF2_DROME
FBgn0004227 	NONA_DROME
FBgn0263968 	SMG1_DROME
FBgn0033224 	KTU_DROME
FBgn0259937 	DKC1_DROME
FBgn0262738 	PIPA_DROME
FBgn0002962 	NANOS_DROME
FBgn0011676 	NOS_DROME
FBgn0013717 	NOT_DROME
FBgn0260444 	CNO10_DROME
FBgn0044028 	NOTUM_DROME
FBgn0031381 	NPC2_DROME
FBgn0027109 	NPF_DROME
FBgn0037408 	NPFR_DROME
FBgn0039348 	NPL4_DROME
FBgn0035092 	NPLP1_DROME
FBgn0040813 	NPLP2_DROME
FBgn0042201 	NPLP3_DROME
FBgn0040717 	NPLP4_DROME
FBgn0030800 	NPRL2_DROME
FBgn0036397 	NPRL3_DROME
FBgn0264975 	NRG_DROME
FBgn0020391 	ROR2_DROME
FBgn0004108 	NRT_DROME
FBgn0015776 	ATPB1_DROME
FBgn0015777 	ATPB2_DROME
FBgn0013997 	NRX4_DROME
FBgn0038473 	GNL3_DROME
FBgn0266284 	LSG1_DROME
FBgn0031848 	NSE1_DROME
FBgn0266464 	NSF2_DROME
FBgn0026079 	NSUN2_DROME
FBgn0035461 	NUTC_DROME
FBgn0033457 	NTM1_DROME
FBgn0085424 	PDM1_DROME
FBgn0036059 	NDE1_DROME
FBgn0004143 	NULLO_DROME
FBgn0002973 	NUMB_DROME
FBgn0033737 	NUP54_DROME
FBgn0038722 	NUP58_DROME
FBgn0061200 	NU153_DROME
FBgn0262647 	NU160_DROME
FBgn0010660 	NU214_DROME
FBgn0016687 	IPYR_DROME
FBgn0036640 	NXF2_DROME
FBgn0028411 	NXT1_DROME
FBgn0011818 	OAF_DROME
FBgn0024944 	OAMB_DROME
FBgn0022774 	OAT_DROME
FBgn0261613 	ZN423_DROME
FBgn0031109 	OB19A_DROME
FBgn0011280 	OB19D_DROME
FBgn0011283 	OB28A_DROME
FBgn0034468 	OB56A_DROME
FBgn0034470 	OB56D_DROME
FBgn0034475 	OB56H_DROME
FBgn0043535 	OB57A_DROME
FBgn0043534 	OB57B_DROME
FBgn0034509 	OB57C_DROME
FBgn0043536 	OB57D_DROME
FBgn0050145 	OB57E_DROME
FBgn0011279 	OB69A_DROME
FBgn0011281 	OB83A_DROME
FBgn0010403 	PBP6_DROME
FBgn0011282 	OB84A_DROME
FBgn0039678 	OB99A_DROME
FBgn0039685 	OB99B_DROME
FBgn0004102 	HMOC_DROME
FBgn0038980 	OCTB1_DROME
FBgn0038063 	OCTB2_DROME
FBgn0250910 	OCTB3_DROME
FBgn0004514 	OAR_DROME
FBgn0014184 	OAZ_DROME
FBgn0013307 	DCOR1_DROME
FBgn0013308 	DCOR2_DROME
FBgn0002985 	ODD_DROME
FBgn0033901 	OFUT1_DROME
FBgn0027791 	OFUT2_DROME
FBgn0027864 	OGG1_DROME
FBgn0004646 	INX1_DROME
FBgn0002989 	RAD54_DROME
FBgn0041585 	CRCM1_DROME
FBgn0037153 	MOX12_DROME
FBgn0028996 	ONEC_DROME
FBgn0003002 	OPA_DROME
FBgn0025360 	OPTIX_DROME
FBgn0025876 	GAGO_DROME
FBgn0025875 	POL5_DROME
FBgn0029521 	OR1A_DROME
FBgn0023523 	OR2A_DROME
FBgn0030016 	OR7A_DROME
FBgn0030204 	OR9A_DROME
FBgn0030298 	OR10A_DROME
FBgn0030715 	OR13A_DROME
FBgn0041626 	OR19A_DROME
FBgn0062565 	OR19B_DROME
FBgn0026398 	OR22A_DROME
FBgn0026397 	OR22B_DROME
FBgn0026396 	OR22C_DROME
FBgn0026395 	OR23A_DROME
FBgn0026394 	OR24A_DROME
FBgn0032096 	OR30A_DROME
FBgn0026392 	OR33A_DROME
FBgn0026391 	OR33B_DROME
FBgn0026390 	OR33C_DROME
FBgn0028946 	OR35A_DROME
FBgn0033041 	OR42A_DROME
FBgn0033043 	OR42B_DROME
FBgn0026389 	OR43A_DROME
FBgn0026393 	OR43B_DROME
FBgn0033404 	OR45A_DROME
FBgn0033422 	OR45B_DROME
FBgn0026388 	OR46A_DROME
FBgn0026386 	OR47A_DROME
FBgn0026385 	OR47B_DROME
FBgn0033727 	OR49A_DROME
FBgn0028963 	OR49B_DROME
FBgn0034473 	OR56A_DROME
FBgn0026384 	OR59A_DROME
FBgn0034865 	OR59B_DROME
FBgn0034866 	OR59C_DROME
FBgn0035382 	OR63A_DROME
FBgn0041625 	OR65A_DROME
FBgn0041624 	OR65B_DROME
FBgn0041623 	OR65C_DROME
FBgn0036009 	OR67A_DROME
FBgn0036019 	OR67B_DROME
FBgn0036078 	OR67C_DROME
FBgn0036080 	OR67D_DROME
FBgn0041622 	OR69A_DROME
FBgn0036474 	OR71A_DROME
FBgn0036709 	OR74A_DROME
FBgn0041621 	OR82A_DROME
FBgn0037322 	OR83A_DROME
FBgn0037399 	OR83C_DROME
FBgn0037576 	OR85A_DROME
FBgn0037590 	OR85B_DROME
FBgn0037591 	OR85C_DROME
FBgn0037594 	OR85D_DROME
FBgn0026399 	OR85E_DROME
FBgn0037685 	OR85F_DROME
FBgn0038203 	OR88A_DROME
FBgn0038798 	OR92A_DROME
FBgn0039033 	OR94A_DROME
FBgn0039034 	OR94B_DROME
FBgn0039551 	OR98A_DROME
FBgn0039582 	OR98B_DROME
FBgn0264307 	ORB2_DROME
FBgn0022772 	ORC1_DROME
FBgn0015270 	ORC2_DROME
FBgn0015271 	ORC5_DROME
FBgn0023180 	ORC6_DROME
FBgn0037324 	OR83B_DROME
FBgn0019952 	ORCT_DROME
FBgn0086365 	OCTL_DROME
FBgn0003009 	ORD_DROME
FBgn0017561 	ORK1_DROME
FBgn0037110 	ORMDL_DROME
FBgn0261885 	OSA_DROME
FBgn0010401 	OSC_DROME
FBgn0031717 	GNPI_DROME
FBgn0035317 	OSM1_DROME
FBgn0003015 	OSKA_DROME
FBgn0003016 	OSP_DROME
FBgn0014868 	OST48_DROME
FBgn0266420 	OTE_DROME
FBgn0004839 	PTK7_DROME
FBgn0015524 	OTP_DROME
FBgn0003023 	OTU_DROME
FBgn0003028 	OVO_DROME
FBgn0011227 	QCR9_DROME
FBgn0015360 	XYLT_DROME
FBgn0086679 	HPS5_DROME
FBgn0024846 	MK14B_DROME
FBgn0267339 	MK14C_DROME
FBgn0265297 	PABP_DROME
FBgn0005648 	PABP2_DROME
FBgn0025809 	PA1B2_DROME
FBgn0060296 	PAIN_DROME
FBgn0283510 	PAL1_DROME
FBgn0262728 	PAL2_DROME
FBgn0036192 	BL1S6_DROME
FBgn0085432 	PANG1_DROME
FBgn0034617 	PANX_DROME
FBgn0036695 	S35B3_DROME
FBgn0264255 	SCNA_DROME
FBgn0023216 	PARG_DROME
FBgn0010247 	PARP_DROME
FBgn0036007 	PATH_DROME
FBgn0067864 	PATJ_DROME
FBgn0263197 	PTRO_DROME
FBgn0051481 	HMPB_DROME
FBgn0264810 	PBURS_DROME
FBgn0003042 	PC_DROME
FBgn0024841 	PHS_DROME
FBgn0036184 	PCID2_DROME
FBgn0003044 	PCL_DROME
FBgn0086768 	PIMT_DROME
FBgn0005655 	PCNA_DROME
FBgn0003046 	CUPP_DROME
FBgn0033988 	3BP5H_DROME
FBgn0003048 	PCX_DROME
FBgn0038237 	PDE6_DROME
FBgn0085370 	PDE11_DROME
FBgn0023178 	PDF_DROME
FBgn0260753 	PDFR_DROME
FBgn0014002 	PDI_DROME
FBgn0017558 	PDK_DROME
FBgn0020386 	PDPK1_DROME
FBgn0004394 	PDM2A_DROME
FBgn0037327 	E2AK3_DROME
FBgn0011207 	PELO_DROME
FBgn0267727 	IMA_DROME
FBgn0053198 	PEN2_DROME
FBgn0015527 	PENG_DROME
FBgn0004401 	PEP_DROME
FBgn0003067 	PCKG_DROME
FBgn0003068 	PER_DROME
FBgn0031282 	PEX12_DROME
FBgn0052226 	TECPR_DROME
FBgn0003071 	PFKA_DROME
FBgn0023517 	PGAM5_DROME
FBgn0031530 	GALT2_DROME
FBgn0027558 	GALT3_DROME
FBgn0051956 	GALT4_DROME
FBgn0031681 	GALT5_DROME
FBgn0035375 	GALT6_DROME
FBgn0036529 	GALT8_DROME
FBgn0001970 	GLT35_DROME
FBgn0033088 	PGAP3_DROME
FBgn0031997 	MPPE1_DROME
FBgn0004654 	6PGD_DROME
FBgn0003074 	G6PI_DROME
FBgn0250906 	PGK_DROME
FBgn0003076 	PGM_DROME
FBgn0035975 	PGPLA_DROME
FBgn0037906 	PGPLB_DROME
FBgn0035976 	PGPLC_DROME
FBgn0260458 	PGPLD_DROME
FBgn0030695 	PGPLE_DROME
FBgn0035977 	PGPLF_DROME
FBgn0030310 	PGPSA_DROME
FBgn0043578 	PGSB1_DROME
FBgn0043577 	PGSB2_DROME
FBgn0043576 	PGSC1_DROME
FBgn0033327 	PGSC1_DROME
FBgn0043575 	PGSC2_DROME
FBgn0035806 	PGPSD_DROME
FBgn0003079 	KRAF1_DROME
FBgn0032749 	PHLPP_DROME
FBgn0004959 	CP306_DROME
FBgn0283509 	PHM_DROME
FBgn0002521 	PHO_DROME
FBgn0004861 	PHP_DROME
FBgn0028579 	PHTF_DROME
FBgn0013725 	PHYL_DROME
FBgn0033669 	PSMF1_DROME
FBgn0260962 	DDB1_DROME
FBgn0024315 	PICO_DROME
FBgn0264953 	PIEZO_DROME
FBgn0003086 	PIG1_DROME
FBgn0010309 	PIGE_DROME
FBgn0265174 	PIGV_DROME
FBgn0016926 	PINO_DROME
FBgn0003089 	PIPE_DROME
FBgn0266581 	DDX18_DROME
FBgn0016696 	KP58_DROME
FBgn0004872 	PIWI_DROME
FBgn0003090 	PRIC1_DROME
FBgn0000273 	KAPC_DROME
FBgn0000274 	KDC1_DROME
FBgn0000489 	KDC2_DROME
FBgn0259243 	KAPR1_DROME
FBgn0022382 	KAPR2_DROME
FBgn0003091 	KPC1_DROME
FBgn0003093 	KPC3_DROME
FBgn0259680 	KPC4_DROME
FBgn0000442 	KGP1_DROME
FBgn0020621 	PKN_DROME
FBgn0004611 	PIP1_DROME
FBgn0005626 	TY3H_DROME
FBgn0025740 	PLXB_DROME
FBgn0025574 	PELI_DROME
FBgn0039111 	PTPM1_DROME
FBgn0010441 	KPEL_DROME
FBgn0003114 	PLU_DROME
FBgn0044419 	TMM11_DROME
FBgn0033050 	NGLY1_DROME
FBgn0003117 	PNR_DROME
FBgn0003118 	PNT1_DROME
FBgn0013726 	PNUT_DROME
FBgn0036354 	POC1_DROME
FBgn0011230 	POE_DROME
FBgn0035047 	POF_DROME
FBgn0003124 	POLO_DROME
FBgn0040078 	RUVB1_DROME
FBgn0004957 	PORCN_DROME
FBgn0004363 	VDAC_DROME
FBgn0003129 	POXM_DROME
FBgn0003130 	POXN_DROME
FBgn0003132 	PP13_DROME
FBgn0004103 	PP12_DROME
FBgn0003134 	PP11_DROME
FBgn0260439 	2AAA_DROME
FBgn0011826 	PP2B2_DROME
FBgn0023177 	PP4C_DROME
FBgn0010770 	PPAN_DROME
FBgn0065109 	PPK11_DROME
FBgn0039679 	PPK19_DROME
FBgn0030795 	PPK28_DROME
FBgn0027945 	GCSH_DROME
FBgn0003137 	PPN_DROME
FBgn0033367 	PPO2_DROME
FBgn0261363 	PPO3_DROME
FBgn0030208 	PP4R2_DROME
FBgn0030057 	PPT1_DROME
FBgn0032358 	PPT2_DROME
FBgn0003139 	PPP6_DROME
FBgn0003140 	PPY_DROME
FBgn0003141 	PTPS_DROME
FBgn0013955 	PR2_DROME
FBgn0004901 	PUR1_DROME
FBgn0032059 	PDE6D_DROME
FBgn0003145 	PRD_DROME
FBgn0033413 	PREL_DROME
FBgn0040077 	PPAC1_DROME
FBgn0040076 	PPAC2_DROME
FBgn0003149 	MYSP1_DROME
FBgn0026189 	PROML_DROME
FBgn0004595 	PROS_DROME
FBgn0263121 	PSA6_DROME
FBgn0086134 	PSA2_DROME
FBgn0261394 	PSA4_DROME
FBgn0261395 	PSA4L_DROME
FBgn0004066 	PSA71_DROME
FBgn0265606 	PSA72_DROME
FBgn0017556 	PSA73_DROME
FBgn0016697 	PSA5_DROME
FBgn0250843 	PSA1_DROME
FBgn0023175 	PSA3_DROME
FBgn0026380 	PSB3_DROME
FBgn0031443 	PSB2_DROME
FBgn0002284 	PSB1_DROME
FBgn0250746 	PSB4_DROME
FBgn0011474 	KMT5A_DROME
FBgn0005624 	PSC_DROME
FBgn0261976 	PSF2_DROME
FBgn0030926 	PSH_DROME
FBgn0243511 	NAA25_DROME
FBgn0019947 	PSN_DROME
FBgn0038948 	JMJD6_DROME
FBgn0013311 	PELET_DROME
FBgn0003892 	PTC_DROME
FBgn0004370 	PTP10_DROME
FBgn0267487 	PTP61_DROME
FBgn0014007 	PTP69_DROME
FBgn0004369 	PTP99_DROME
FBgn0020912 	PITX_DROME
FBgn0003162 	GCH1_DROME
FBgn0028577 	PUF68_DROME
FBgn0020385 	C1TC_DROME
FBgn0003165 	PUM_DROME
FBgn0004577 	PERO_DROME
FBgn0011828 	PXDN_DROME
FBgn0261987 	PERC_DROME
FBgn0043900 	PYGO_DROME
FBgn0267385 	KPYK_DROME
FBgn0034918 	PYM_DROME
FBgn0035113 	PYX_DROME
FBgn0036726 	MIC13_DROME
FBgn0003187 	QUAI_DROME
FBgn0260499 	QVR_DROME
FBgn0003189 	PYR1_DROME
FBgn0004636 	RAS3_DROME
FBgn0016699 	POLR_DROME
FBgn0044825 	Y1R1_DROME
FBgn0044824 	Y2R2_DROME
FBgn0005586 	RAB3_DROME
FBgn0027505 	RBGPR_DROME
FBgn0030613 	MADD_DROME
FBgn0015797 	RAB6_DROME
FBgn0086913 	RAB26_DROME
FBgn0010333 	RAC1_DROME
FBgn0014011 	RAC2_DROME
FBgn0045843 	RG84C_DROME
FBgn0020618 	GBLP_DROME
FBgn0034728 	RAD50_DROME
FBgn0015286 	RALA_DROME
FBgn0020255 	RAN_DROME
FBgn0053180 	RBP16_DROME
FBgn0262114 	RBP9X_DROME
FBgn0003346 	RAGP1_DROME
FBgn0036497 	RANL_DROME
FBgn0003204 	IMDH_DROME
FBgn0003206 	RAS2_DROME
FBgn0003205 	RAS1_DROME
FBgn0004390 	GAP1_DROME
FBgn0024194 	HHAT_DROME
FBgn0031868 	XRN2_DROME
FBgn0004903 	RB97D_DROME
FBgn0036973 	RBBP5_DROME
FBgn0015799 	RBF_DROME
FBgn0260944 	RBP1_DROME
FBgn0260943 	MSIR6_DROME
FBgn0002638 	RCC1_DROME
FBgn0261549 	DGK2_DROME
FBgn0003218 	RDGB_DROME
FBgn0027872 	PITC1_DROME
FBgn0265959 	RDGC_DROME
FBgn0004244 	GBRB_DROME
FBgn0264493 	RDX_DROME
FBgn0003227 	MCMR_DROME
FBgn0003231 	REF2P_DROME
FBgn0016715 	REG2_DROME
FBgn0015801 	REG5_DROME
FBgn0014018 	NFKB1_DROME
FBgn0026378 	RABEP_DROME
FBgn0040075 	RUVB2_DROME
FBgn0034157 	RESIL_DROME
FBgn0031814 	RETM_DROME
FBgn0004795 	DRI_DROME
FBgn0087002 	APLP_DROME
FBgn0260985 	RFC2_DROME
FBgn0266098 	NBEA_DROME
FBgn0017550 	RGA_DROME
FBgn0003248 	OPS2_DROME
FBgn0003249 	OPS3_DROME
FBgn0003250 	OPS4_DROME
FBgn0014019 	OPS5_DROME
FBgn0019940 	OPS6_DROME
FBgn0041191 	RHEB_DROME
FBgn0004635 	RHOM_DROME
FBgn0014020 	RHO1_DROME
FBgn0041723 	RHDF1_DROME
FBgn0036257 	RG68F_DROME
FBgn0038747 	RG92B_DROME
FBgn0039883 	SYDE_DROME
FBgn0026375 	RG190_DROME
FBgn0014380 	RHOL_DROME
FBgn0028292 	RIC8_DROME
FBgn0028500 	RIC1_DROME
FBgn0250850 	RIG_DROME
FBgn0035762 	RINT1_DROME
FBgn0032189 	RIP_DROME
FBgn0003256 	ERKA_DROME
FBgn0003257 	UMPS_DROME
FBgn0026056 	RLIP_DROME
FBgn0003261 	DDX17_DROME
FBgn0267337 	RN_DROME
FBgn0035106 	RNO_DROME
FBgn0014024 	RNP4F_DROME
FBgn0011703 	RIR1_DROME
FBgn0011704 	RIR2_DROME
FBgn0003267 	ROUGH_DROME
FBgn0025638 	RBX1A_DROME
FBgn0040291 	RBX1B_DROME
FBgn0014877 	GRPE_DROME
FBgn0036697 	ROGDI_DROME
FBgn0004574 	ROP_DROME
FBgn0010407 	ROR1_DROME
FBgn0011705 	ROST_DROME
FBgn0010173 	RFA1_DROME
FBgn0053520 	TAD2A_DROME
FBgn0039218 	RPAB5_DROME
FBgn0032634 	RPB11_DROME
FBgn0015805 	HDAC1_DROME
FBgn0019938 	RPA1_DROME
FBgn0003278 	RPA2_DROME
FBgn0004855 	RPB9_DROME
FBgn0003275 	RPAB2_DROME
FBgn0262955 	RPB2_DROME
FBgn0003277 	RPB1_DROME
FBgn0004463 	RPC2_DROME
FBgn0020910 	RL3_DROME
FBgn0003279 	RL4_DROME
FBgn0064225 	RL5_DROME
FBgn0005593 	RL7_DROME
FBgn0014026 	RL7A_DROME
FBgn0261602 	RL8_DROME
FBgn0015756 	RL9_DROME
FBgn0024733 	RL10_DROME
FBgn0036213 	R10AB_DROME
FBgn0013325 	RL11_DROME
FBgn0011272 	RL13_DROME
FBgn0037351 	RL13A_DROME
FBgn0017579 	RL14_DROME
FBgn0028697 	RL15_DROME
FBgn0029897 	RL17_DROME
FBgn0035753 	RL18_DROME
FBgn0010409 	RL18A_DROME
FBgn0002607 	RL19_DROME
FBgn0015288 	RL22_DROME
FBgn0010078 	RL23_DROME
FBgn0032518 	RL24_DROME
FBgn0037899 	RLP24_DROME
FBgn0261606 	RL27A_DROME
FBgn0035422 	RL28_DROME
FBgn0016726 	RL29_DROME
FBgn0025286 	RL31_DROME
FBgn0002626 	RL32_DROME
FBgn0002579 	RL36_DROME
FBgn0030616 	RL371_DROME
FBgn0261608 	RL37A_DROME
FBgn0034822 	RL372_DROME
FBgn0040007 	RL38_DROME
FBgn0023170 	RL39_DROME
FBgn0003941 	RL40_DROME
FBgn0000100 	RLA0_DROME
FBgn0002593 	RLA1_DROME
FBgn0003274 	RLA2_DROME
FBgn0028692 	PSMD1_DROME
FBgn0261396 	PSMD3_DROME
FBgn0028689 	PSD11_DROME
FBgn0028688 	PSMD6_DROME
FBgn0002787 	PSMD7_DROME
FBgn0015283 	PSMD4_DROME
FBgn0028694 	PSDE_DROME
FBgn0033886 	ADRM1_DROME
FBgn0066304 	POP7_DROME
FBgn0011706 	RPR_DROME
FBgn0004867 	RS2_DROME
FBgn0002622 	RS3_DROME
FBgn0017545 	RS3A_DROME
FBgn0011284 	RS4_DROME
FBgn0002590 	RS5A_DROME
FBgn0038277 	RS5B_DROME
FBgn0261592 	RS6_DROME
FBgn0039757 	RS7_DROME
FBgn0039713 	RS8_DROME
FBgn0010408 	RS9_DROME
FBgn0027494 	RS10A_DROME
FBgn0261593 	RS10B_DROME
FBgn0033699 	RS11_DROME
FBgn0260441 	RS12_DROME
FBgn0010265 	RS13_DROME
FBgn0004403 	RS14_DROME
FBgn0004404 	RS14_DROME
FBgn0010198 	RS15A_DROME
FBgn0033555 	RS15B_DROME
FBgn0034743 	RS16_DROME
FBgn0005533 	RS17_DROME
FBgn0010411 	RS18_DROME
FBgn0010412 	RS19A_DROME
FBgn0039129 	RS19B_DROME
FBgn0019936 	RS20_DROME
FBgn0015521 	RS21_DROME
FBgn0033912 	RS23_DROME
FBgn0086472 	RS25_DROME
FBgn0261597 	RS26_DROME
FBgn0003942 	RS27A_DROME
FBgn0030136 	RS28_DROME
FBgn0261599 	RS29_DROME
FBgn0015282 	PRS4_DROME
FBgn0020369 	PRS8_DROME
FBgn0004584 	RRP1_DROME
FBgn0011305 	RX21_DROME
FBgn0003285 	ICCR_DROME
FBgn0003292 	POMT1_DROME
FBgn0020909 	RCL1_DROME
FBgn0034722 	RTF1_DROME
FBgn0266019 	BCAS3_DROME
FBgn0086253 	RUMI_DROME
FBgn0003300 	RUNT_DROME
FBgn0003301 	CYA1_DROME
FBgn0003302 	RUX_DROME
FBgn0020617 	RX_DROME
FBgn0003308 	XDH_DROME
FBgn0004842 	NPYR_DROME
FBgn0011286 	RYR_DROME
FBgn0003310 	STAR_DROME
FBgn0283473 	S6KL_DROME
FBgn0283500 	SAC1_DROME
FBgn0003312 	CP315_DROME
FBgn0026371 	PLK4_DROME
FBgn0003313 	SALA_DROME
FBgn0261648 	SALM_DROME
FBgn0019932 	DCAM_DROME
FBgn0005278 	METK_DROME
FBgn0024188 	SAN_DROME
FBgn0030788 	SAP30_DROME
FBgn0013334 	SAP47_DROME
FBgn0002306 	SAS_DROME
FBgn0029755 	SAS10_DROME
FBgn0039731 	SAS6_DROME
FBgn0267378 	GOLP3_DROME
FBgn0053193 	SAV_DROME
FBgn0003319 	STUB_DROME
FBgn0003321 	NXF1_DROME
FBgn0004170 	AST4_DROME
FBgn0003326 	SCA_DROME
FBgn0011232 	VPS54_DROME
FBgn0003328 	ITA3_DROME
FBgn0003330 	RING1_DROME
FBgn0266491 	SLCA_DROME
FBgn0266492 	SLCB_DROME
FBgn0003334 	SCM_DROME
FBgn0260936 	UBP36_DROME
FBgn0003339 	SCR_DROME
FBgn0261385 	ANLN_DROME
FBgn0263289 	LAP4_DROME
FBgn0004888 	SUCA_DROME
FBgn0021765 	HCD2_DROME
FBgn0005590 	SCW_DROME
FBgn0041094 	SCLLA_DROME
FBgn0003345 	SCAL_DROME
FBgn0010415 	SDC_DROME
FBgn0261439 	SDHA_DROME
FBgn0038437 	SDHF3_DROME
FBgn0014028 	SDHB_DROME
FBgn0039112 	DHSD_DROME
FBgn0021764 	SDK_DROME
FBgn0086348 	SEPIA_DROME
FBgn0266669 	EXOC1_DROME
FBgn0266670 	EXOC2_DROME
FBgn0266671 	EXOC3_DROME
FBgn0266672 	EXOC4_DROME
FBgn0266673 	EXOC5_DROME
FBgn0266674 	EXOC6_DROME
FBgn0031049 	S61G2_DROME
FBgn0040336 	BSCL2_DROME
FBgn0261270 	SPS1_DROME
FBgn0030350 	SELG_DROME
FBgn0267376 	MSRB_DROME
FBgn0266666 	SEM1_DROME
FBgn0011259 	SEM1A_DROME
FBgn0011260 	SEM2A_DROME
FBgn0002573 	GFI1_DROME
FBgn0011710 	SEPT1_DROME
FBgn0014029 	SEPT2_DROME
FBgn0004197 	SERR_DROME
FBgn0010414 	SC6A4_DROME
FBgn0003360 	ADT_DROME
FBgn0034897 	SESN_DROME
FBgn0014879 	SET_DROME
FBgn0040022 	SET1_DROME
FBgn0030486 	C1716_DROME
FBgn0003366 	7LESS_DROME
FBgn0020251 	NDST_DROME
FBgn0032475 	SMBT_DROME
FBgn0036804 	SGF11_DROME
FBgn0003371 	SGG_DROME
FBgn0261445 	UGDH_DROME
FBgn0003373 	SGS3_DROME
FBgn0003374 	SGS4_DROME
FBgn0003375 	SGS5_DROME
FBgn0003377 	SGS7_DROME
FBgn0003378 	SGS8_DROME
FBgn0003380 	KCNAS_DROME
FBgn0035772 	SH3BG_DROME
FBgn0262593 	KCNAB_DROME
FBgn0085387 	SHAKB_DROME
FBgn0005564 	KCNAL_DROME
FBgn0015295 	SHARK_DROME
FBgn0003386 	KCNAW_DROME
FBgn0003388 	CP314_DROME
FBgn0052423 	SHEP_DROME
FBgn0003390 	WIF1_DROME
FBgn0003391 	CADE_DROME
FBgn0003392 	DYN_DROME
FBgn0085408 	SHRM_DROME
FBgn0003401 	FKBP6_DROME
FBgn0030352 	NDUF6_DROME
FBgn0263873 	SICK_DROME
FBgn0038303 	TPC10_DROME
FBgn0085447 	SIF1_DROME
FBgn0053527 	SIFA_DROME
FBgn0038880 	SIFAR_DROME
FBgn0004666 	SIM_DROME
FBgn0266411 	SIMA_DROME
FBgn0033935 	SIN1_DROME
FBgn0003410 	SINA_DROME
FBgn0259794 	SINAL_DROME
FBgn0024191 	TFP11_DROME
FBgn0039875 	HRD1_DROME
FBgn0024291 	SIR2_DROME
FBgn0038788 	SIRT2_DROME
FBgn0029783 	SIR4_DROME
FBgn0037802 	SIR6_DROME
FBgn0039631 	SIR7_DROME
FBgn0031971 	SDHF4_DROME
FBgn0003411 	SISA_DROME
FBgn0029761 	KCNN_DROME
FBgn0003415 	MED13_DROME
FBgn0262717 	SKEL1_DROME
FBgn0005638 	CEBP_DROME
FBgn0041186 	SLBP_DROME
FBgn0037810 	SLE_DROME
FBgn0003423 	PROD_DROME
FBgn0264978 	SLY1_DROME
FBgn0264089 	SLIT_DROME
FBgn0261477 	KLD10_DROME
FBgn0051133 	SLIMP_DROME
FBgn0024728 	SLIP1_DROME
FBgn0038524 	S35B2_DROME
FBgn0029161 	SLMO_DROME
FBgn0003429 	SLO_DROME
FBgn0264087 	SLOB_DROME
FBgn0002941 	SLOU_DROME
FBgn0003430 	SLP1_DROME
FBgn0004567 	SLP2_DROME
FBgn0030018 	M3KSL_DROME
FBgn0086906 	TITIN_DROME
FBgn0039626 	SLU7_DROME
FBgn0025469 	SWET1_DROME
FBgn0037263 	SLX1_DROME
FBgn0262601 	RSMB_DROME
FBgn0261933 	SMD1_DROME
FBgn0261789 	SMD2_DROME
FBgn0023167 	SMD3_DROME
FBgn0261790 	RUXE_DROME
FBgn0000426 	RUXF_DROME
FBgn0016070 	SMG_DROME
FBgn0036641 	SMN_DROME
FBgn0003444 	SMO_DROME
FBgn0052380 	SMSR1_DROME
FBgn0003447 	SING_DROME
FBgn0003448 	SNAI_DROME
FBgn0011288 	SNP25_DROME
FBgn0031455 	SNAPN_DROME
FBgn0003449 	SNRPA_DROME
FBgn0003450 	SNAK_DROME
FBgn0260004 	SNMP1_DROME
FBgn0035815 	SNMP2_DROME
FBgn0265630 	SBNO_DROME
FBgn0032840 	SNPF_DROME
FBgn0016978 	RU17_DROME
FBgn0261792 	RU1C_DROME
FBgn0261791 	RUXG_DROME
FBgn0259199 	SPN1_DROME
FBgn0003460 	SO_DROME
FBgn0004892 	SOB_DROME
FBgn0003462 	SODC_DROME
FBgn0010213 	SODM_DROME
FBgn0003463 	SOG_DROME
FBgn0003464 	CAND_DROME
FBgn0001965 	SOS_DROME
FBgn0038225 	SOTI_DROME
FBgn0005612 	SOX14_DROME
FBgn0005613 	SOX15_DROME
FBgn0051755 	SOYB_DROME
FBgn0003034 	A70A_DROME
FBgn0037265 	SPG20_DROME
FBgn0039141 	SPAST_DROME
FBgn0040623 	SPCS1_DROME
FBgn0039172 	SPCS3_DROME
FBgn0030306 	SPCS2_DROME
FBgn0087021 	SPC25_DROME
FBgn0044823 	C42ES_DROME
FBgn0015546 	MSH2_DROME
FBgn0016977 	SPEN_DROME
FBgn0005672 	SPITZ_DROME
FBgn0086676 	SPIN_DROME
FBgn0003475 	SPIR_DROME
FBgn0010591 	SGPL_DROME
FBgn0003479 	RAD51_DROME
FBgn0003483 	SPNE_DROME
FBgn0003486 	CP307_DROME
FBgn0029768 	SPR_DROME
FBgn0085443 	SPRI_DROME
FBgn0032224 	SPS2_DROME
FBgn0028683 	SPT4H_DROME
FBgn0040273 	SPT5H_DROME
FBgn0028982 	SPT6H_DROME
FBgn0003495 	SPZ_DROME
FBgn0263396 	SQD_DROME
FBgn0003514 	SQH_DROME
FBgn0010768 	SQZ_DROME
FBgn0086370 	SRA_DROME
FBgn0038320 	CYFIP_DROME
FBgn0029121 	FACE2_DROME
FBgn0264959 	SRC42_DROME
FBgn0262733 	SRC64_DROME
FBgn0003507 	SRP_DROME
FBgn0035827 	SRP09_DROME
FBgn0015298 	SRP19_DROME
FBgn0035947 	SRP68_DROME
FBgn0003510 	SRYA_DROME
FBgn0003511 	SRYB_DROME
FBgn0003512 	SRYD_DROME
FBgn0015299 	TCP4_DROME
FBgn0029157 	SSH_DROME
FBgn0015300 	SSL_DROME
FBgn0010278 	SSRP1_DROME
FBgn0003515 	SCRT_DROME
FBgn0003517 	RSSA_DROME
FBgn0024836 	STAN_DROME
FBgn0030850 	TM41_DROME
FBgn0016917 	STAT_DROME
FBgn0003520 	STAU_DROME
FBgn0001978 	STC_DROME
FBgn0044817 	STEL8_DROME
FBgn0053236 	STEL1_DROME
FBgn0053237 	STEL2_DROME
FBgn0053238 	STEL3_DROME
FBgn0053239 	STEL4_DROME
FBgn0053240 	STEL1_DROME
FBgn0053241 	STEL4_DROME
FBgn0053243 	STEL5_DROME
FBgn0053244 	STEL1_DROME
FBgn0053245 	STEL1_DROME
FBgn0053246 	STEL6_DROME
FBgn0053247 	STEL7_DROME
FBgn0003525 	MPIP_DROME
FBgn0003527 	STIL_DROME
FBgn0045073 	STIM_DROME
FBgn0046692 	STLK_DROME
FBgn0086784 	EFR3_DROME
FBgn0016976 	STNA_DROME
FBgn0016975 	STNB_DROME
FBgn0036571 	STRUM_DROME
FBgn0050263 	STUM_DROME
FBgn0014388 	SPY_DROME
FBgn0003545 	SUB_DROME
FBgn0265189 	OGFD1_DROME
FBgn0003557 	SUDX_DROME
FBgn0003559 	SUF_DROME
FBgn0033782 	GLIS2_DROME
FBgn0004837 	SUH_DROME
FBgn0003567 	SUHW_DROME
FBgn0040271 	SULF1_DROME
FBgn0028675 	SUR_DROME
FBgn0038504 	SUR8_DROME
FBgn0029117 	SURF1_DROME
FBgn0019925 	SURF4_DROME
FBgn0038746 	SURF6_DROME
FBgn0003575 	SUS_DROME
FBgn0014037 	ELL_DROME
FBgn0025355 	SUUR_DROME
FBgn0260397 	LSDA_DROME
FBgn0003598 	SUV37_DROME
FBgn0263755 	SUV39_DROME
FBgn0003607 	HP1_DROME
FBgn0003638 	SUWA_DROME
FBgn0265623 	SUZ2_DROME
FBgn0020887 	SUZ12_DROME
FBgn0003651 	7UP1_DROME
FBgn0004648 	CBPD_DROME
FBgn0003654 	DYIN_DROME
FBgn0003655 	SWA_DROME
FBgn0034262 	HFW2_DROME
FBgn0030739 	WASH7_DROME
FBgn0032731 	EFHD2_DROME
FBgn0003656 	SWS_DROME
FBgn0264270 	SXL_DROME
FBgn0003660 	SYB_DROME
FBgn0024187 	JIP3_DROME
FBgn0037371 	SYMPK_DROME
FBgn0004575 	SYN_DROME
FBgn0004242 	SY65_DROME
FBgn0013343 	STX1A_DROME
FBgn0024980 	STX4_DROME
FBgn0011708 	STX5_DROME
FBgn0017482 	HOT_DROME
FBgn0039734 	ADA17_DROME
FBgn0010355 	TAF1_DROME
FBgn0037792 	TAF1B_DROME
FBgn0011836 	TAF2_DROME
FBgn0010280 	TAF4_DROME
FBgn0010356 	TAF5_DROME
FBgn0010417 	TAF6_DROME
FBgn0024909 	TAF7_DROME
FBgn0022724 	TAF8_DROME
FBgn0028398 	TAF10_DROME
FBgn0026324 	TAFAB_DROME
FBgn0011291 	TAF11_DROME
FBgn0011290 	TAF12_DROME
FBgn0037470 	TUTT_DROME
FBgn0026323 	M3K7_DROME
FBgn0046689 	M3K7L_DROME
FBgn0259730 	TAL1A_DROME
FBgn0259731 	TAL2A_DROME
FBgn0259732 	TAL3A_DROME
FBgn0259733 	TALAA_DROME
FBgn0023477 	TALDO_DROME
FBgn0004406 	DPOG1_DROME
FBgn0041582 	TAMO_DROME
FBgn0031842 	TGO1_DROME
FBgn0030503 	TNG2_DROME
FBgn0032728 	TNG6_DROME
FBgn0033902 	EIF3M_DROME
FBgn0050404 	TNG11_DROME
FBgn0086674 	TPST_DROME
FBgn0028980 	TANT_DROME
FBgn0031030 	TAO_DROME
FBgn0015550 	TAP_DROME
FBgn0026619 	TAZ_DROME
FBgn0010329 	TBH1_DROME
FBgn0003687 	TBP_DROME
FBgn0003676 	TCPA_DROME
FBgn0037874 	TCTP_DROME
FBgn0261697 	TECT_DROME
FBgn0086350 	TEF_DROME
FBgn0045035 	ATM_DROME
FBgn0267001 	TENA_DROME
FBgn0004449 	TENM_DROME
FBgn0261014 	TERA_DROME
FBgn0003683 	TERM_DROME
FBgn0263392 	DMAD_DROME
FBgn0036899 	TEY_DROME
FBgn0033929 	TF2H1_DROME
FBgn0011289 	TF2AA_DROME
FBgn0013347 	T2AG_DROME
FBgn0040338 	T2AH_DROME
FBgn0004915 	TF2B_DROME
FBgn0010282 	T2FA_DROME
FBgn0010421 	T2FB_DROME
FBgn0010422 	TFS2_DROME
FBgn0264075 	ARNT_DROME
FBgn0031321 	TGT_DROME
FBgn0010416 	NELFD_DROME
FBgn0011555 	TRYT_DROME
FBgn0034939 	THOC5_DROME
FBgn0036263 	THOC6_DROME
FBgn0035110 	THOC7_DROME
FBgn0003701 	THR_DROME
FBgn0011722 	TIG_DROME
FBgn0014395 	TILB_DROME
FBgn0014396 	TIM_DROME
FBgn0027359 	TIM8_DROME
FBgn0030480 	TIM9_DROME
FBgn0027358 	T10B_DROME
FBgn0027360 	TIM10_DROME
FBgn0036204 	TIM13_DROME
FBgn0038018 	TI17C_DROME
FBgn0037307 	TI17D_DROME
FBgn0037310 	TI17A_DROME
FBgn0025879 	TIMP_DROME
FBgn0004110 	TIN_DROME
FBgn0035083 	TINA1_DROME
FBgn0261649 	TINC_DROME
FBgn0028979 	TIPT_DROME
FBgn0026080 	TIP60_DROME
FBgn0003710 	TIPE_DROME
FBgn0011837 	TIS11_DROME
FBgn0037976 	TACHY_DROME
FBgn0003714 	RT12_DROME
FBgn0004841 	TLR1_DROME
FBgn0004622 	TLR2_DROME
FBgn0262473 	TOLL_DROME
FBgn0003719 	TLD_DROME
FBgn0003720 	TLL_DROME
FBgn0003721 	TPM1_DROME
FBgn0004117 	TPM2_DROME
FBgn0027508 	TNKS_DROME
FBgn0039298 	TAKT_DROME
FBgn0036494 	TOLL6_DROME
FBgn0034476 	TOLL7_DROME
FBgn0029114 	TOLL8_DROME
FBgn0016041 	TO401_DROME
FBgn0033074 	TO402_DROME
FBgn0004924 	TOP1_DROME
FBgn0003732 	TOP2_DROME
FBgn0040268 	TOP3A_DROME
FBgn0026015 	TOP3B_DROME
FBgn0037751 	TOPI_DROME
FBgn0267351 	TOPRS_DROME
FBgn0003733 	TORSO_DROME
FBgn0021796 	TOR_DROME
FBgn0025615 	TORS_DROME
FBgn0015553 	EXO1_DROME
FBgn0028396 	TOTA_DROME
FBgn0038838 	TOTB_DROME
FBgn0044812 	TOTC_DROME
FBgn0044811 	TOTF_DROME
FBgn0031701 	TOTM_DROME
FBgn0044810 	TOTX_DROME
FBgn0044809 	TOTZ_DROME
FBgn0086355 	TPIS_DROME
FBgn0013348 	TNNC1_DROME
FBgn0010423 	TNNC2_DROME
FBgn0010424 	TNNC3_DROME
FBgn0020370 	TPP2_DROME
FBgn0003741 	TRSF_DROME
FBgn0003742 	TRA2_DROME
FBgn0037734 	TRBID_DROME
FBgn0003744 	TRC_DROME
FBgn0039668 	TRC8_DROME
FBgn0046687 	GUTR1_DROME
FBgn0003748 	TREA_DROME
FBgn0050035 	TRE11_DROME
FBgn0033644 	TRE12_DROME
FBgn0010287 	TRF_DROME
FBgn0262139 	TRH_DROME
FBgn0015834 	EIF3I_DROME
FBgn0003751 	TRUNK_DROME
FBgn0013263 	GAGA_DROME
FBgn0003861 	TRP_DROME
FBgn0035934 	TRPA1_DROME
FBgn0032593 	TRPG_DROME
FBgn0005614 	TRPL_DROME
FBgn0265194 	TRPCG_DROME
FBgn0023518 	TRR_DROME
FBgn0266724 	TPPC2_DROME
FBgn0003862 	TRX_DROME
FBgn0040070 	THIO2_DROME
FBgn0020653 	TRXR1_DROME
FBgn0037170 	TRXR2_DROME
FBgn0029752 	THIOT_DROME
FBgn0024920 	TYSY_DROME
FBgn0003865 	TSG_DROME
FBgn0003866 	TSH_DROME
FBgn0003867 	TSL_DROME
FBgn0011726 	CADF_DROME
FBgn0033378 	RBM8A_DROME
FBgn0032744 	TTC19_DROME
FBgn0050118 	TTD14_DROME
FBgn0003870 	TTKA_DROME
FBgn0031854 	TTL3A_DROME
FBgn0031853 	TTL3B_DROME
FBgn0035124 	TI50B_DROME
FBgn0032971 	TI50A_DROME
FBgn0250874 	TI50C_DROME
FBgn0265974 	EXT1_DROME
FBgn0015558 	TTY1_DROME
FBgn0003882 	TUBE_DROME
FBgn0003891 	TUD_DROME
FBgn0034046 	NTAQ1_DROME
FBgn0010473 	TUTL_DROME
FBgn0086368 	POMT2_DROME
FBgn0002673 	TWINE_DROME
FBgn0038206 	TWF_DROME
FBgn0003900 	TWIST_DROME
FBgn0004889 	2ABA_DROME
FBgn0263118 	DEI_DROME
FBgn0033210 	RU2A_DROME
FBgn0017457 	U2AF1_DROME
FBgn0005411 	U2AF2_DROME
FBgn0027780 	ACSF4_DROME
FBgn0263697 	UBA3_DROME
FBgn0015320 	UBCD2_DROME
FBgn0015321 	UBCD4_DROME
FBgn0004436 	UBCD6_DROME
FBgn0035853 	UBC12_DROME
FBgn0017456 	UBC84_DROME
FBgn0003943 	UBIQP_DROME
FBgn0022224 	UBL5_DROME
FBgn0016756 	UBPE_DROME
FBgn0030809 	UBR1_DROME
FBgn0003944 	UBX_DROME
FBgn0010288 	UCHL_DROME
FBgn0036136 	UFD1_DROME
FBgn0014075 	UGGG_DROME
FBgn0039536 	UNC80_DROME
FBgn0024184 	UNC4_DROME
FBgn0034013 	UNC5_DROME
FBgn0267002 	KIF1A_DROME
FBgn0025549 	UN119_DROME
FBgn0004395 	UNK_DROME
FBgn0015561 	UNPG_DROME
FBgn0004169 	TNNT_DROME
FBgn0033428 	DCUP_DROME
FBgn0030354 	RENT1_DROME
FBgn0035025 	URI_DROME
FBgn0003961 	URIC_DROME
FBgn0035965 	USE1_DROME
FBgn0003963 	USH_DROME
FBgn0003964 	USP_DROME
FBgn0030366 	UBP7_DROME
FBgn0029819 	UBP30_DROME
FBgn0032499 	UVRAG_DROME
FBgn0004055 	UZIP_DROME
FBgn0003965 	T23O_DROME
FBgn0270928 	VACHT_DROME
FBgn0040069 	VNNL1_DROME
FBgn0262526 	VASA1_DROME
FBgn0040068 	VAV_DROME
FBgn0053200 	VEPD_DROME
FBgn0003975 	VG_DROME
FBgn0283536 	VATG_DROME
FBgn0262512 	VATF1_DROME
FBgn0037402 	VATF2_DROME
FBgn0262736 	VATL_DROME
FBgn0283535 	VATE_DROME
FBgn0022097 	VATD1_DROME
FBgn0040377 	VATD2_DROME
FBgn0262511 	VATC_DROME
FBgn0005671 	VATB_DROME
FBgn0265262 	VATA1_DROME
FBgn0263598 	VATA2_DROME
FBgn0028665 	VA0D1_DROME
FBgn0039058 	VA0D2_DROME
FBgn0027779 	VATH_DROME
FBgn0041174 	VHL_DROME
FBgn0036237 	VIAF1_DROME
FBgn0053117 	TOTE_DROME
FBgn0264848 	UBE2C_DROME
FBgn0004397 	VINC_DROME
FBgn0003977 	VIR_DROME
FBgn0003978 	VLS_DROME
FBgn0003979 	VTU1_DROME
FBgn0003980 	VTU2_DROME
FBgn0014076 	VTU4_DROME
FBgn0003983 	VTU3_DROME
FBgn0003984 	VEIN_DROME
FBgn0261930 	VND_DROME
FBgn0022027 	VPS25_DROME
FBgn0014411 	VPS26_DROME
FBgn0021814 	VPS28_DROME
FBgn0086785 	VPS36_DROME
FBgn0034380 	VPS51_DROME
FBgn0036740 	CHMP5_DROME
FBgn0263143 	VRET_DROME
FBgn0086680 	CF1A_DROME
FBgn0003996 	WHITE_DROME
FBgn0004655 	WAPL_DROME
FBgn0033692 	WASH1_DROME
FBgn0024182 	GUF1_DROME
FBgn0004003 	WBL_DROME
FBgn0262560 	UTP18_DROME
FBgn0005642 	SRYC_DROME
FBgn0034718 	WDP_DROME
FBgn0032030 	WDR82_DROME
FBgn0040066 	WDS_DROME
FBgn0267449 	WDY_DROME
FBgn0259745 	WECH_DROME
FBgn0011737 	WEE1_DROME
FBgn0001990 	WEK_DROME
FBgn0004009 	WNTG_DROME
FBgn0051151 	WGE_DROME
FBgn0030941 	WGN_DROME
FBgn0260780 	GLD2B_DROME
FBgn0036141 	WLS_DROME
FBgn0004360 	WNT2_DROME
FBgn0010453 	WNT4_DROME
FBgn0010194 	WNT5_DROME
FBgn0038134 	WNT8_DROME
FBgn0261020 	ALG5_DROME
FBgn0038608 	WRNXO_DROME
FBgn0046685 	WSCK_DROME
FBgn0011739 	WARTS_DROME
FBgn0029857 	WUHO_DROME
FBgn0016078 	WUN_DROME
FBgn0283471 	TNNI_DROME
FBgn0031972 	WWOX_DROME
FBgn0041613 	GAGXE_DROME
FBgn0041612 	RTXE_DROME
FBgn0029906 	ALG8_DROME
FBgn0016080 	XMAS1_DROME
FBgn0028974 	XMAS2_DROME
FBgn0039338 	ATRX_DROME
FBgn0004832 	XPA_DROME
FBgn0004698 	XPC_DROME
FBgn0004034 	YELL_DROME
FBgn0041710 	YELF_DROME
FBgn0038105 	YELF2_DROME
FBgn0005596 	YEMA_DROME
FBgn0265575 	PEPT1_DROME
FBgn0026749 	YIPP_DROME
FBgn0034970 	YAP1_DROME
FBgn0004649 	YL_DROME
FBgn0032321 	VPS72_DROME
FBgn0004045 	VIT1_DROME
FBgn0005391 	VIT2_DROME
FBgn0004047 	VIT3_DROME
FBgn0004050 	ZEST_DROME
FBgn0004052 	Z600_DROME
FBgn0265991 	ZASP_DROME
FBgn0035900 	ZC3H3_DROME
FBgn0004053 	ZEN1_DROME
FBgn0004054 	ZEN2_DROME
FBgn0011556 	TRYZ_DROME
FBgn0004606 	ZFH1_DROME
FBgn0004607 	ZFH2_DROME
FBgn0265434 	MYSN_DROME
FBgn0039714 	S39AD_DROME
FBgn0266709 	ZMY10_DROME
FBgn0024177 	INX4_DROME
FBgn0261266 	ZUC_DROME
FBgn0004057 	G6PD_DROME
FBgn0004643 	ZW10_DROME
FBgn0061476 	ZWILC_DROME
FBgn0037238 	NCKXH_DROME
FBgn0037467 	UFL1_DROME
FBgn0037279 	GMPPB_DROME
FBgn0035300 	C1139_DROME
FBgn0037313 	Y1161_DROME
FBgn0037377 	U609_DROME
FBgn0037489 	NOC3L_DROME
FBgn0037368 	BN3D2_DROME
FBgn0026566 	PTH2_DROME
FBgn0035523 	CTLH1_DROME
FBgn0026565 	ASSY_DROME
FBgn0033202 	Y1339_DROME
FBgn0030151 	OLA1_DROME
FBgn0039601 	DCA10_DROME
FBgn0039828 	EBP2_DROME
FBgn0039827 	DHTK1_DROME
FBgn0030258 	Y1552_DROME
FBgn0033191 	ASNA_DROME
FBgn0039600 	PRP39_DROME
FBgn0030286 	RME6_DROME
FBgn0030305 	UBA5_DROME
FBgn0030061 	GSCR2_DROME
FBgn0030063 	UTP11_DROME
FBgn0033431 	ASPG1_DROME
FBgn0033401 	COG6_DROME
FBgn0039690 	GNA1_DROME
FBgn0027498 	LANC3_DROME
FBgn0030251 	ENDOU_DROME
FBgn0037360 	GGNB2_DROME
FBgn0035213 	Y2199_DROME
FBgn0030447 	PEPE_DROME
FBgn0030460 	COQ5_DROME
FBgn0032873 	MET13_DROME
FBgn0000092 	CCCP_DROME
FBgn0014931 	Y678_DROME
FBgn0030504 	RRP12_DROME
FBgn0024977 	VILYA_DROME
FBgn0035082 	YS11_DROME
FBgn0014930 	RIFK_DROME
FBgn0030178 	NNRE_DROME
FBgn0266570 	NO66_DROME
FBgn0040337 	MTU1_DROME
FBgn0025612 	FLTOP_DROME
FBgn0033005 	PREP_DROME
FBgn0027564 	RFT1_DROME
FBgn0029789 	PGAP1_DROME
FBgn0029885 	ZN593_DROME
FBgn0042083 	MCCB_DROME
FBgn0031519 	FIGL1_DROME
FBgn0031875 	MCMBP_DROME
FBgn0036000 	QTRD1_DROME
FBgn0029714 	NEP1_DROME
FBgn0029708 	Y3556_DROME
FBgn0025681 	U518_DROME
FBgn0035035 	BMT2_DROME
FBgn0038268 	XYLK_DROME
FBgn0037026 	ST7_DROME
FBgn0261444 	TTY2_DROME
FBgn0031227 	PUS10_DROME
FBgn0031589 	PNCB_DROME
FBgn0022343 	CDV3_DROME
FBgn0029853 	JOSL_DROME
FBgn0031662 	MPU1_DROME
FBgn0034802 	Y3800_DROME
FBgn0038275 	RRP15_DROME
FBgn0023520 	SMG9_DROME
FBgn0031284 	PGAP2_DROME
FBgn0031670 	SELT_DROME
FBgn0037780 	CRBN_DROME
FBgn0035989 	ATAT1_DROME
FBgn0011824 	GAR1_DROME
FBgn0025629 	TRMB_DROME
FBgn0020312 	TMTC3_DROME
FBgn0025630 	RTCA_DROME
FBgn0034982 	NAA35_DROME
FBgn0029798 	RTEL1_DROME
FBgn0034894 	TFP8L_DROME
FBgn0025558 	U239_DROME
FBgn0038300 	SCC4_DROME
FBgn0014092 	NIF3L_DROME
FBgn0028481 	TMTC2_DROME
FBgn0032138 	PESC_DROME
FBgn0034665 	ASPG2_DROME
FBgn0023545 	GPI8_DROME
FBgn0039065 	Y4449_DROME
FBgn0031893 	MICU1_DROME
FBgn0028519 	BGML_DROME
FBgn0031896 	U2QL1_DROME
FBgn0025335 	CPESY_DROME
FBgn0035593 	OTU1_DROME
FBgn0035021 	ZCHC8_DROME
FBgn0033810 	U587_DROME
FBgn0029838 	THEM6_DROME
FBgn0033816 	PTCD3_DROME
FBgn0035032 	ATPK_DROME
FBgn0032339 	WDR59_DROME
FBgn0032169 	ZGPAT_DROME
FBgn0039357 	SAMC_DROME
FBgn0043456 	GLYR1_DROME
FBgn0032348 	MPND_DROME
FBgn0027546 	MB21L_DROME
FBgn0037994 	EI3D2_DROME
FBgn0037998 	COG1_DROME
FBgn0037011 	NUBP2_DROME
FBgn0027556 	UN93L_DROME
FBgn0036615 	OSGEP_DROME
FBgn0039563 	Y4951_DROME
FBgn0032204 	TPC13_DROME
FBgn0032214 	OTUBL_DROME
FBgn0027572 	ACOX1_DROME
FBgn0035944 	TVP23_DROME
FBgn0028744 	BOP1_DROME
FBgn0038324 	TMTC4_DROME
FBgn0034145 	FACR1_DROME
FBgn0034300 	Y5098_DROME
FBgn0032642 	LTOR3_DROME
FBgn0032470 	TTC30_DROME
FBgn0031909 	SOSSB_DROME
FBgn0034350 	LTOR2_DROME
FBgn0034351 	MRRP1_DROME
FBgn0013763 	C5210_DROME
FBgn0038471 	TRM71_DROME
FBgn0036565 	MOX11_DROME
FBgn0036988 	TM104_DROME
FBgn0037897 	ZFY26_DROME
FBgn0035952 	EVG1_DROME
FBgn0038704 	APTX_DROME
FBgn0032221 	SCHI1_DROME
FBgn0038951 	RPC6_DROME
FBgn0038950 	ZFPL1_DROME
FBgn0038806 	LOVG_DROME
FBgn0039153 	GATB_DROME
FBgn0039466 	Y5521_DROME
FBgn0034902 	TM14_DROME
FBgn0034908 	GAD1_DROME
FBgn0038046 	ILF2_DROME
FBgn0036258 	EIF3L_DROME
FBgn0036254 	KRI1_DROME
FBgn0034315 	ARMC6_DROME
FBgn0027574 	SPT2_DROME
FBgn0038868 	DDRGK_DROME
FBgn0039136 	Y5902_DROME
FBgn0036998 	VMA21_DROME
FBgn0039492 	LST2_DROME
FBgn0039488 	U396_DROME
FBgn0039417 	HGH1_DROME
FBgn0038332 	CUTC_DROME
FBgn0032445 	PITH1_DROME
FBgn0026737 	APLF_DROME
FBgn0030915 	NOSIP_DROME
FBgn0037816 	CK5P1_DROME
FBgn0038893 	ARCH_DROME
FBgn0263398 	UCK_DROME
FBgn0029693 	MTR1_DROME
FBgn0032430 	TRM1_DROME
FBgn0032646 	EFTS_DROME
FBgn0032361 	COG8_DROME
FBgn0034214 	CDKAL_DROME
FBgn0037855 	TTC14_DROME
FBgn0030946 	DPY19_DROME
FBgn0037878 	Y6693_DROME
FBgn0032408 	RPF1_DROME
FBgn0032298 	WDR12_DROME
FBgn0032296 	SMG8_DROME
FBgn0030876 	SRX_DROME
FBgn0036834 	OSTA_DROME
FBgn0031711 	ELP4_DROME
FBgn0036959 	DCTD_DROME
FBgn0038286 	FEM1A_DROME
FBgn0037962 	IDLC_DROME
FBgn0038861 	TRM72_DROME
FBgn0038976 	PFD5_DROME
FBgn0030091 	Y7065_DROME
FBgn0035877 	U183_DROME
FBgn0034422 	RRP8_DROME
FBgn0035872 	CPSF6_DROME
FBgn0032671 	JMJD4_DROME
FBgn0038569 	TAPT1_DROME
FBgn0031713 	COQ6_DROME
FBgn0030966 	SUOX_DROME
FBgn0036527 	GLT12_DROME
FBgn0030973 	F188A_DROME
FBgn0037073 	TSR1_DROME
FBgn0036173 	TIM14_DROME
FBgn0037135 	EIF2A_DROME
FBgn0036510 	DCN1L_DROME
FBgn0032258 	COG4_DROME
FBgn0035812 	TONSL_DROME
FBgn0035805 	TMM70_DROME
FBgn0033994 	MET16_DROME
FBgn0036528 	GLT11_DROME
FBgn0027583 	DHRS7_DROME
FBgn0037094 	WDR26_DROME
FBgn0033548 	NOP10_DROME
FBgn0033989 	SAM50_DROME
FBgn0036519 	PHLP_DROME
FBgn0038536 	NRM_DROME
FBgn0027525 	LTV1_DROME
FBgn0038627 	RN181_DROME
FBgn0038641 	SC5A7_DROME
FBgn0033615 	C19L1_DROME
FBgn0030087 	KPBA_DROME
FBgn0036918 	PFD6_DROME
FBgn0032020 	MSS4_DROME
FBgn0032016 	MET14_DROME
FBgn0032014 	PORED_DROME
FBgn0030653 	ASGL1_DROME
FBgn0030658 	DJC25_DROME
FBgn0038248 	CEP78_DROME
FBgn0036107 	U195A_DROME
FBgn0038582 	SRR1L_DROME
FBgn0030997 	PGP2L_DROME
FBgn0035854 	DHYS_DROME
FBgn0036090 	NEPR1_DROME
FBgn0033375 	CTU1_DROME
FBgn0035825 	TMM43_DROME
FBgn0037689 	LMBD2_DROME
FBgn0034008 	GPAN1_DROME
FBgn0030863 	UBE2S_DROME
FBgn0037622 	U505_DROME
FBgn0037624 	NASP_DROME
FBgn0027607 	DYM_DROME
FBgn0034143 	FACR2_DROME
FBgn0034142 	FACR3_DROME
FBgn0033069 	EI3F2_DROME
FBgn0034060 	TM131_DROME
FBgn0034061 	UFC1_DROME
FBgn0034067 	FRRS1_DROME
FBgn0037743 	ALG12_DROME
FBgn0034073 	NOL9_DROME
FBgn0031995 	KPBB_DROME
FBgn0027602 	Y8611_DROME
FBgn0033317 	ZC3HF_DROME
FBgn0036381 	AGT2L_DROME
FBgn0036386 	GPTC1_DROME
FBgn0033698 	ECM29_DROME
FBgn0033691 	S61G1_DROME
FBgn0031663 	ITPA_DROME
FBgn0035336 	NOM1_DROME
FBgn0033607 	WDR48_DROME
FBgn0030793 	DXO_DROME
FBgn0030791 	NECAP_DROME
FBgn0031777 	EFM5_DROME
FBgn0030634 	WCSD_DROME
FBgn0035206 	LDAH_DROME
FBgn0030655 	C19L2_DROME
FBgn0036887 	U389_DROME
FBgn0032925 	NOC2L_DROME
FBgn0038183 	BCCIP_DROME
FBgn0260464 	F206_DROME
FBgn0032879 	CART_DROME
FBgn0037708 	TRM44_DROME
FBgn0037710 	MTX1_DROME
FBgn0033086 	COQ10_DROME
FBgn0031822 	PHF5_DROME
FBgn0038166 	PSMD9_DROME
FBgn0037561 	DDX55_DROME
FBgn0031529 	OSTC_DROME
FBgn0036667 	TM258_DROME
FBgn0036661 	Y9705_DROME
FBgn0037270 	EI3F1_DROME
FBgn0037609 	UNC50_DROME
FBgn0027866 	Y9776_DROME
FBgn0037232 	SUV3_DROME
FBgn0037623 	Y9801_DROME
FBgn0037251 	LIPT2_DROME
FBgn0034803 	PADC1_DROME
FBgn0086605 	GET4_DROME
FBgn0031428 	GLCTK_DROME
FBgn0030512 	NADE_DROME
FBgn0036671 	CCD22_DROME
FBgn0032781 	RTCB_DROME
FBgn0039596 	GLT13_DROME
FBgn0038013 	U528_DROME
FBgn0037482 	SHQ1_DROME
FBgn0031871 	CCA_DROME
FBgn0032799 	DPM1_DROME
FBgn0032793 	CTU2_DROME
FBgn0039115 	ORN_DROME
FBgn0033983 	ADAS_DROME
FBgn0032811 	PMVK_DROME
FBgn0034654 	EIF3K_DROME
FBgn0038453 	AR6P1_DROME
FBgn0032698 	TIPIN_DROME
FBgn0032701 	NAF1_DROME
FBgn0033021 	Y0417_DROME
FBgn0039296 	SIL1_DROME
FBgn0036848 	NNRD_DROME
FBgn0032724 	GSTCD_DROME
FBgn0002036 	A37C_DROME
FBgn0036286 	ODR4_DROME
FBgn0032818 	GTPBA_DROME
FBgn0035603 	PFD4_DROME
FBgn0035586 	FITM_DROME
FBgn0035592 	ASTER_DROME
FBgn0036291 	KXDL1_DROME
FBgn0036300 	PMM_DROME
FBgn0034626 	TM2D1_DROME
FBgn0034308 	Y0915_DROME
FBgn0030004 	DRC1_DROME
FBgn0034455 	TMX2_DROME
FBgn0039930 	MPV17_DROME
FBgn0030522 	TM2D2_DROME
FBgn0030518 	MTNB_DROME
FBgn0033177 	Y1411_DROME
FBgn0039936 	PERQ1_DROME
FBgn0036330 	EXD1_DROME
FBgn0039849 	MTNA_DROME
FBgn0035537 	BN3D3_DROME
FBgn0024362 	NAA30_DROME
FBgn0038737 	MRM2_DROME
FBgn0024985 	RIPL_DROME
FBgn0035397 	PAN3_DROME
FBgn0035424 	Y1505_DROME
FBgn0046296 	DEFI8_DROME
FBgn0039859 	NAT9_DROME
FBgn0035524 	BRX1_DROME
FBgn0023522 	CARME_DROME
FBgn0037777 	NDUF4_DROME
FBgn0037611 	CDPF1_DROME
FBgn0037618 	OUIB_DROME
FBgn0039627 	DIM1_DROME
FBgn0039637 	CTLH2_DROME
FBgn0014427 	SERC_DROME
FBgn0040534 	SF3B5_DROME
FBgn0035464 	PIGB_DROME
FBgn0027903 	DPOD2_DROME
FBgn0035421 	NSMA_DROME
FBgn0030099 	NEUFC_DROME
FBgn0043458 	ZER1_DROME
FBgn0030457 	PSMD5_DROME
FBgn0030037 	MIGA_DROME
FBgn0260462 	CPR1_DROME
FBgn0037305 	ENOPH_DROME
FBgn0029662 	GRCR2_DROME
FBgn0039557 	FAM50_DROME
FBgn0035811 	ACADM_DROME
FBgn0032393 	NFS1_DROME
FBgn0036515 	AIMP2_DROME
FBgn0033556 	SYF2_DROME
FBgn0031987 	LACB2_DROME
FBgn0037811 	SLEL_DROME
FBgn0033459 	Y2744_DROME
FBgn0033523 	SDF2B_DROME
FBgn0037061 	TR112_DROME
FBgn0032054 	MOCS3_DROME
FBgn0032050 	Y3096_DROME
FBgn0035692 	SF3B6_DROME
FBgn0026879 	TMA7_DROME
FBgn0036799 	Y3380_DROME
FBgn0039126 	OPA32_DROME
FBgn0039137 	UBS3A_DROME
FBgn0039170 	PTOV1_DROME
FBgn0039209 	CRERF_DROME
FBgn0031252 	RNH2A_DROME
FBgn0039965 	COA7_DROME
FBgn0035243 	OPI10_DROME
FBgn0031659 	KBP_DROME
FBgn0036889 	MRM3_DROME
FBgn0036359 	TTC36_DROME
FBgn0036057 	LS12B_DROME
FBgn0031052 	ELYS_DROME
FBgn0031062 	Y4230_DROME
FBgn0031060 	OSGP2_DROME
FBgn0038673 	U488_DROME
FBgn0038651 	EPG5_DROME
FBgn0029880 	Y4443_DROME
FBgn0034327 	U279_DROME
FBgn0031955 	KI26L_DROME
FBgn0031189 	TM10A_DROME
FBgn0031183 	S35E1_DROME
FBgn0037822 	MET15_DROME
FBgn0037883 	DPH3_DROME
FBgn0037943 	WDR55_DROME
FBgn0033316 	GLE1_DROME
FBgn0033274 	SDF2A_DROME
FBgn0023513 	MMS22_DROME
FBgn0029594 	APOP1_DROME
FBgn0026088 	U184_DROME
FBgn0035469 	LTOR4_DROME
FBgn0035532 	THUM1_DROME
FBgn0030611 	TMA16_DROME
FBgn0034402 	CC130_DROME
FBgn0034390 	3HIDH_DROME
FBgn0034400 	DOP1_DROME
FBgn0030183 	YPL1_DROME
FBgn0029986 	DM7B_DROME
FBgn0029989 	DM7A_DROME
FBgn0040651 	RL33_DROME
FBgn0030364 	LS12A_DROME
FBgn0030465 	IMPA3_DROME
FBgn0030700 	GTDC1_DROME
FBgn0034529 	FAM21_DROME
FBgn0037713 	USB1_DROME
FBgn0037728 	YC17_DROME
FBgn0028919 	U428_DROME
FBgn0034498 	CAHD1_DROME
FBgn0034483 	AKTP2_DROME
FBgn0033883 	MECR_DROME
FBgn0036512 	UFSP2_DROME
FBgn0031082 	ATAT2_DROME
FBgn0040754 	MYOV2_DROME
FBgn0031099 	NAGA_DROME
FBgn0039045 	CTNS_DROME
FBgn0039020 	MTG1_DROME
FBgn0038043 	MYCBP_DROME
FBgn0030239 	6PGL_DROME
FBgn0032997 	ASND1_DROME
FBgn0261387 	DCLK_DROME
FBgn0032144 	CBPA1_DROME
FBgn0034352 	DAAF3_DROME
FBgn0062440 	EMRE_DROME
FBgn0262115 	NARF_DROME
FBgn0037880 	NDUF7_DROME
FBgn0035423 	SUI1_DROME
FBgn0023537 	MMSA_DROME
FBgn0032597 	NUBP1_DROME
FBgn0038421 	SERFL_DROME
FBgn0033610 	U605_DROME
FBgn0037683 	PTER_DROME
FBgn0028746 	U729_DROME
FBgn0040964 	U585_DROME
FBgn0040696 	CU059_DROME
FBgn0042135 	GDAP2_DROME
FBgn0050010 	U598_DROME
FBgn0050031 	TRYDG_DROME
FBgn0034543 	U195B_DROME
FBgn0050157 	UFSP1_DROME
FBgn0050291 	CK5P3_DROME
FBgn0050463 	GALT9_DROME
FBgn0050493 	COQ9_DROME
FBgn0051115 	PNPH_DROME
FBgn0051145 	FA20C_DROME
FBgn0051229 	TIM22_DROME
FBgn0051460 	KTAP2_DROME
FBgn0051559 	GRCR1_DROME
FBgn0051690 	TMTC1_DROME
FBgn0051712 	U430_DROME
FBgn0046888 	Y1750_DROME
FBgn0051760 	Y1760_DROME
FBgn0051776 	GLT10_DROME
FBgn0051915 	GLT25_DROME
FBgn0051935 	RB3GP_DROME
FBgn0051957 	EIF1A_DROME
FBgn0052137 	BICRD_DROME
FBgn0267795 	Y2138_DROME
FBgn0052174 	COQ4_DROME
FBgn0052281 	TRM5_DROME
FBgn0041232 	Y2395_DROME
FBgn0052396 	TBBP_DROME
FBgn0266918 	CYHR1_DROME
FBgn0052500 	NFU1_DROME
FBgn0052590 	MF2NB_DROME
FBgn0052669 	SC5A6_DROME
FBgn0052736 	SMIM4_DROME
FBgn0052750 	VNNL3_DROME
FBgn0052751 	VNNL2_DROME
FBgn0040384 	TM120_DROME
FBgn0023531 	CCDCX_DROME
FBgn0052857 	NFU1_DROME
FBgn0028916 	C3390_DROME
FBgn0053108 	U692_DROME
FBgn0053169 	SMCO4_DROME
FBgn0053276 	URM1_DROME
FBgn0067628 	TAM41_DROME
FBgn0053470 	IMPP_DROME
FBgn0053502 	NFU1_DROME
FBgn0064115 	GATC_DROME
FBgn0053774 	OST4_DROME
FBgn0085212 	RPAP2_DROME
FBgn0085220 	UFM1_DROME
FBgn0085413 	DGKH_DROME
FBgn0262116 	RNK_DROME
FBgn0063670 	ELOF1_DROME
FBgn0259151 	Y818_DROME
FBgn0259244 	COLL1_DROME
FBgn0259720 	SOSSC_DROME
FBgn0260229 	MOC2A_DROME
FBgn0260657 	BND7A_DROME
FBgn0261555 	CAPON_DROME
FBgn0261570 	GAP2_DROME
FBgn0262823 	HEMOT_DROME
FBgn0263346 	Y3427_DROME
FBgn0264449 	Y34F_DROME
FBgn0264740 	OPA31_DROME
FBgn0266417 	Y5057_DROME
FBgn0266438 	PIGZ_DROME
